Atom s-next(sub1, sub1);Atom cutting()
Atom s-next(sub2, sub2);Atom inverse-splice-next(sub3)
Atom cut-point-2(sub1);Atom cw(sub2, sub3)
Atom s-next(sub1, sub1);Atom s-next(sub3, sub3)
Atom cut-point-1(sub1);Atom splice-point-1(sub1)
Atom s-next(sub3, sub3);Atom finished()
Atom idle();Atom splice-next(sub1)
Atom splice-point-1(sub3);Atom splice-point-1(sub1)
Atom cw(sub1, sub1);Atom splice-point-2(sub1)
Atom cw(sub2, sub3);Atom inverse-splice-next(sub2)
Atom cw(sub3, sub3);Atom cut-point-2(sub3)
Atom s-next(sub2, sub2);Atom cw(sub2, sub2)
Atom s-next(sub1, sub1);Atom last-cut-point(sub1)
Atom cw(sub1, sub2);Atom inverse-splice-next(sub2)
Atom s-next(sub3, sub1);Atom cut-point-1(sub3)
Atom cw(sub2, sub1);Atom s-first(sub1)
Atom s-next(sub3, sub2);Atom inverse-splice-next(sub3)
Atom inverse-splice-next(sub2);Atom cw(sub2, sub1)
Atom s-next(sub3, sub3);Atom inverse-splicing-last()
Atom cut-point-2(sub1);Atom s-first(sub1)
Atom splicing-last();Atom inverse-splicing()
Atom splice-next(sub3);Atom inverse-splice-next(sub3)
Atom s-next(sub1, sub3);Atom s-next(sub1, sub2)
Atom finished();Atom cut-point-1(sub3)
Atom cw(sub1, sub1);Atom splice-next(sub2)
Atom splicing-last();Atom splice-next(sub1)
Atom splice-point-1(sub1);Atom s-first(sub1)
Atom inverse-splice-next(sub1);Atom cw(sub1, sub2)
Atom s-next(sub3, sub1);Atom splice-point-1(sub3)
Atom cut-point-2(sub3);Atom cut-point-2(sub2)
Atom cut-point-2(sub1);Atom s-next(sub1, sub2)
Atom splice-next(sub3);Atom splice-next(sub2)
Atom splice-point-2(sub3);Atom s-first(sub3)
Atom last-cut-point(sub2);Atom cut-point-1(sub1)
Atom s-next(sub1, sub3);Atom splice-point-2(sub3)
Atom s-next(sub1, sub1);Atom normal(sub3)
Atom s-next(sub2, sub2);Atom s-next(sub3, sub2)
Atom s-next(sub2, sub2);Atom splice-point-2(sub1)
Atom idle();Atom s-last(sub1)
Atom cut-point-1(sub2);Atom finished()
Atom cw(sub1, sub1);Atom s-next(sub2, sub2)
Atom cut-point-2(sub1);Atom idle()
Atom cut-point-1(sub1);Atom finished()
Atom normal(sub2);Atom splice-next(sub2)
Atom splicing();Atom finished()
Atom s-next(sub1, sub2);Atom splice-next(sub1)
Atom inverse-splice-next(sub1);Atom splice-point-1(sub1)
Atom inverse-splice-next(sub1);Atom s-first(sub1)
Atom s-next(sub1, sub1);Atom s-last(sub3)
Atom s-first(sub3);Atom splice-next(sub1)
Atom cw(sub3, sub3);Atom cut-point-1(sub1)
Atom idle();Atom inverse-splicing()
Atom s-last(sub1);Atom s-next(sub1, sub2)
Atom inverse-splice-next(sub2);Atom cw(sub3, sub2)
Atom s-next(sub3, sub3);Atom inverted(sub3)
Atom cw(sub3, sub3);Atom inverse-splice-next(sub2)
Atom cut-point-1(sub1);Atom s-first(sub1)
Atom cut-point-2(sub2);Atom s-next(sub1, sub2)
Atom s-next(sub1, sub1);Atom splicing()
Atom inverse-splice-next(sub1);Atom splice-point-2(sub1)
Atom finished();Atom splice-next(sub2)
Atom s-next(sub3, sub2);Atom cut-point-2(sub2)
Atom inverse-splice-next(sub1);Atom cw(sub2, sub1)
Atom s-first(sub3);Atom s-next(sub2, sub3)
Atom cut-point-1(sub3);Atom splice-next(sub2)
Atom cw(sub1, sub2);Atom s-next(sub3, sub2)
Atom cut-point-1(sub1);Atom cw(sub2, sub2)
Atom cut-point-2(sub1);Atom cw(sub2, sub1)
Atom normal(sub1);Atom splice-next(sub3)
Atom s-next(sub1, sub3);Atom s-next(sub2, sub3)
Atom cw(sub1, sub1);Atom inverse-splice-next(sub3)
Atom s-last(sub3);Atom splice-next(sub2)
Atom s-first(sub1);Atom s-first(sub2)
Atom s-next(sub1, sub3);Atom splicing()
Atom s-next(sub1, sub3);Atom splice-next(sub3)
Atom s-next(sub1, sub1);Atom normal(sub2)
Atom cut-point-2(sub2);Atom cw(sub3, sub1)
Atom cw(sub1, sub1);Atom cutting()
Atom s-next(sub2, sub1);Atom splice-point-2(sub1)
Atom cw(sub2, sub1);Atom splice-next(sub1)
Atom s-next(sub2, sub1);Atom cw(sub2, sub1)
Atom s-last(sub1);Atom splice-next(sub2)
Atom cut-point-1(sub3);Atom inverse-splicing-last()
Atom inverted(sub3);Atom splice-next(sub2)
Atom cut-point-2(sub3);Atom s-next(sub2, sub3)
Atom cut-point-2(sub2);Atom s-first(sub2)
Atom inverse-splicing-last();Atom inverse-splice-next(sub3)
Atom cut-point-2(sub1);Atom splice-next(sub3)
Atom s-next(sub3, sub3);Atom s-next(sub3, sub2)
Atom s-next(sub3, sub1);Atom cw(sub2, sub3)
Atom idle();Atom splice-point-1(sub3)
Atom cw(sub3, sub3);Atom splice-next(sub1)
Atom cw(sub1, sub2);Atom splice-next(sub1)
Atom cutting();Atom splice-point-2(sub1)
Atom s-next(sub3, sub1);Atom splice-point-2(sub1)
Atom splice-point-1(sub1);Atom cw(sub1, sub3)
Atom splicing-last();Atom s-next(sub2, sub3)
Atom splicing-last();Atom splice-next(sub3)
Atom cut-point-2(sub1);Atom cw(sub3, sub3)
Atom inverse-splice-next(sub1);Atom inverse-splicing()
Atom s-next(sub3, sub1);Atom last-cut-point(sub3)
Atom splice-point-2(sub2);Atom cut-point-1(sub1)
Atom idle();Atom have-cut()
Atom s-next(sub2, sub1);Atom cw(sub2, sub2)
Atom cw(sub3, sub3);Atom cw(sub2, sub3)
Atom cw(sub1, sub1);Atom splice-point-2(sub3)
Atom inverse-splice-next(sub1);Atom splicing-last()
Atom cut-point-2(sub3);Atom s-next(sub2, sub2)
Atom s-next(sub1, sub3);Atom splice-point-1(sub3)
Atom cw(sub1, sub2);Atom cut-point-2(sub2)
Atom s-next(sub3, sub3);Atom cw(sub2, sub2)
Atom s-next(sub1, sub1);Atom splice-point-2(sub3)
Atom splicing();Atom splice-next(sub3)
Atom s-next(sub1, sub1);Atom inverse-splicing()
Atom cw(sub1, sub1);Atom splice-next(sub1)
Atom cut-point-2(sub1);Atom inverse-splice-next(sub1)
Atom cw(sub1, sub1);Atom last-cut-point(sub2)
Atom s-next(sub3, sub1);Atom splice-point-1(sub1)
Atom cut-point-2(sub3);Atom splice-point-2(sub3)
Atom splice-point-2(sub2);Atom splice-point-2(sub3)
Atom splice-point-2(sub2);Atom splice-next(sub3)
Atom inverse-splice-next(sub2);Atom cut-point-1(sub3)
Atom cut-point-2(sub2);Atom cw(sub1, sub3)
Atom splicing-last();Atom s-first(sub2)
Atom s-next(sub1, sub1);Atom cw(sub1, sub3)
Atom cw(sub1, sub2);Atom cw(sub1, sub3)
Atom cw(sub2, sub3);Atom splice-point-2(sub3)
Atom cut-point-1(sub1);Atom idle()
Atom splicing-last();Atom idle()
Atom splice-point-2(sub3);Atom idle()
Atom s-next(sub1, sub1);Atom splice-next(sub2)
Atom s-next(sub1, sub3);Atom s-next(sub2, sub2)
Atom inverse-splice-next(sub2);Atom idle()
Atom cut-point-2(sub3);Atom splice-point-1(sub3)
Atom s-next(sub3, sub3);Atom splice-point-2(sub1)
Atom splice-next(sub3);Atom cw(sub3, sub1)
Atom s-last(sub2);Atom splice-next(sub2)
Atom s-next(sub3, sub2);Atom splice-next(sub2)
Atom splice-next(sub3);Atom cw(sub2, sub1)
Atom idle();Atom s-next(sub2, sub3)
Atom splice-next(sub3);Atom splice-point-2(sub1)
Atom idle();Atom splice-next(sub3)
Atom last-cut-point(sub3);Atom splice-next(sub1)
Atom s-next(sub3, sub3);Atom cw(sub2, sub3)
Atom s-first(sub3);Atom inverse-splicing-last()
Atom inverted(sub1);Atom s-next(sub1, sub1)
Atom s-last(sub3);Atom finished()
Atom splice-point-1(sub1);Atom cw(sub2, sub2)
Atom s-next(sub3, sub3);Atom idle()
Atom inverse-splice-next(sub1);Atom cw(sub1, sub3)
Atom cut-point-2(sub3);Atom inverse-splicing-last()
Atom cw(sub3, sub3);Atom s-last(sub3)
Atom last-cut-point(sub3);Atom splice-next(sub2)
Atom s-next(sub2, sub3);Atom cw(sub1, sub3)
Atom cw(sub3, sub1);Atom inverse-splice-next(sub3)
Atom cut-point-2(sub1);Atom inverse-splicing()
Atom inverse-splice-next(sub2);Atom splice-point-1(sub2)
Atom finished();Atom s-first(sub3)
Atom splicing();Atom inverse-splice-next(sub3)
Atom cw(sub3, sub3);Atom s-next(sub2, sub3)
Atom finished();Atom s-next(sub1, sub2)
Atom cw(sub3, sub3);Atom s-next(sub3, sub1)
Atom s-next(sub2, sub1);Atom cut-point-2(sub2)
Atom s-next(sub3, sub3);Atom splice-point-1(sub2)
Atom splice-next(sub3);Atom splice-point-1(sub3)
Atom splice-point-2(sub1);Atom splice-next(sub2)
Atom s-first(sub1);Atom splice-next(sub1)
Atom cw(sub2, sub1);Atom splice-next(sub2)
Atom idle();Atom splice-point-1(sub1)
Atom cut-point-1(sub2);Atom last-cut-point(sub3)
Atom cw(sub1, sub2);Atom cw(sub2, sub2)
Atom inverse-splice-next(sub1);Atom cut-point-1(sub2)
Atom last-cut-point(sub2);Atom s-next(sub2, sub3)
Atom inverse-splice-next(sub1);Atom splice-next(sub3)
Atom splice-point-2(sub3);Atom s-next(sub2, sub3)
Atom s-last(sub1);Atom inverse-splicing-last()
Atom cut-point-2(sub2);Atom cw(sub2, sub2)
Atom splicing-last();Atom inverse-splicing-last()
Atom s-next(sub3, sub3);Atom cut-point-1(sub2)
Atom normal(sub3);Atom splice-next(sub3)
Atom s-next(sub2, sub1);Atom splice-next(sub1)
Atom cut-point-2(sub2);Atom s-next(sub2, sub3)
Atom normal(sub3);Atom s-next(sub2, sub2)
Atom inverse-splicing();Atom inverse-splicing-last()
Atom normal(sub1);Atom s-next(sub2, sub2)
Atom cut-point-1(sub2);Atom last-cut-point(sub1)
Atom last-cut-point(sub2);Atom splice-next(sub1)
Atom s-next(sub1, sub3);Atom idle()
Atom splice-point-2(sub2);Atom splice-next(sub1)
Atom s-next(sub3, sub3);Atom cw(sub3, sub1)
Atom s-next(sub1, sub2);Atom splice-next(sub2)
Atom s-next(sub1, sub1);Atom cw(sub1, sub2)
Atom finished();Atom inverse-splicing-last()
Atom cut-point-2(sub1);Atom splicing-last()
Atom cw(sub3, sub3);Atom s-first(sub3)
Atom s-next(sub1, sub3);Atom cut-point-1(sub1)
Atom cut-point-1(sub2);Atom splice-next(sub3)
Atom last-cut-point(sub2);Atom s-next(sub2, sub2)
Atom s-first(sub3);Atom s-first(sub2)
Atom s-next(sub2, sub2);Atom splice-next(sub1)
Atom s-next(sub3, sub3);Atom cutting()
Atom cut-point-1(sub1);Atom splice-point-2(sub1)
Atom s-next(sub3, sub3);Atom s-next(sub3, sub1)
Atom s-next(sub1, sub2);Atom inverse-splice-next(sub3)
Atom s-last(sub1);Atom splice-point-2(sub1)
Atom cw(sub1, sub2);Atom s-first(sub2)
Atom s-next(sub1, sub1);Atom cw(sub2, sub1)
Atom inverse-splice-next(sub1);Atom cw(sub2, sub2)
Atom s-next(sub1, sub1);Atom splice-point-2(sub1)
Atom cw(sub1, sub1);Atom cut-point-2(sub3)
Atom cw(sub3, sub3);Atom s-next(sub2, sub2)
Atom s-next(sub2, sub2);Atom splice-point-1(sub1)
Atom s-next(sub2, sub2);Atom splice-next(sub2)
Atom last-cut-point(sub1);Atom idle()
Atom s-next(sub3, sub3);Atom cut-point-1(sub3)
Atom splice-point-1(sub3);Atom s-next(sub2, sub3)
Atom inverted(sub1);Atom splice-next(sub2)
Atom s-next(sub3, sub3);Atom s-first(sub1)
Atom cw(sub1, sub1);Atom s-last(sub1)
Atom s-next(sub1, sub1);Atom last-cut-point(sub3)
Atom s-last(sub1);Atom splice-next(sub1)
Atom splice-point-1(sub3);Atom cw(sub2, sub2)
Atom splice-next(sub1);Atom s-first(sub2)
Atom s-last(sub2);Atom s-next(sub2, sub2)
Atom cw(sub1, sub1);Atom finished()
Atom s-next(sub2, sub2);Atom s-next(sub1, sub2)
Atom cut-point-2(sub3);Atom inverse-splice-next(sub3)
Atom inverse-splice-next(sub2);Atom inverse-splicing-last()
Atom inverse-splice-next(sub1);Atom cw(sub3, sub1)
Atom splice-next(sub3);Atom s-first(sub3)
Atom last-cut-point(sub2);Atom splice-next(sub2)
Atom s-next(sub1, sub1);Atom splice-point-1(sub3)
Atom cut-point-1(sub3);Atom have-cut()
Atom s-next(sub1, sub1);Atom cut-point-2(sub3)
Atom s-last(sub2);Atom s-next(sub2, sub1)
Atom cw(sub3, sub3);Atom s-next(sub1, sub3)
Atom splice-next(sub3);Atom cut-point-2(sub2)
Atom splicing-last();Atom s-next(sub3, sub2)
Atom s-next(sub2, sub2);Atom cut-point-1(sub3)
Atom splice-next(sub3);Atom s-last(sub1)
Atom cw(sub3, sub3);Atom inverse-splice-next(sub3)
Atom s-next(sub3, sub3);Atom splice-point-1(sub1)
Atom inverse-splicing-last();Atom have-cut()
Atom s-next(sub2, sub2);Atom splice-point-2(sub3)
Atom inverse-splice-next(sub3);Atom splice-next(sub2)
Atom splicing-last();Atom cut-point-1(sub3)
Atom cw(sub3, sub3);Atom cut-point-1(sub3)
Atom s-next(sub1, sub1);Atom cw(sub3, sub2)
Atom cutting();Atom have-cut()
Atom cw(sub2, sub3);Atom s-first(sub3)
Atom inverse-splice-next(sub2);Atom s-next(sub3, sub2)
Atom cutting();Atom inverse-splicing-last()
Atom s-next(sub2, sub2);Atom cutting()
Atom normal(sub1);Atom inverted(sub1)
Atom cut-point-2(sub1);Atom splice-point-2(sub1)
Atom cw(sub2, sub2);Atom splice-point-1(sub2)
Atom s-next(sub1, sub1);Atom s-first(sub1)
Atom splicing-last();Atom s-next(sub2, sub1)
Atom inverse-splice-next(sub1);Atom splicing()
Atom cw(sub3, sub3);Atom inverse-splicing()
Atom splicing-last();Atom finished()
Atom splice-point-2(sub1);Atom splice-next(sub1)
Atom last-cut-point(sub1);Atom last-cut-point(sub3)
Atom inverted(sub1);Atom s-next(sub2, sub2)
Atom inverse-splicing();Atom inverse-splice-next(sub3)
Atom splicing();Atom idle()
Atom s-next(sub2, sub1);Atom idle()
Atom s-next(sub2, sub2);Atom splice-next(sub3)
Atom cut-point-1(sub2);Atom cut-point-1(sub3)
Atom cut-point-2(sub1);Atom cw(sub1, sub1)
Atom splice-point-2(sub2);Atom idle()
Atom cut-point-2(sub2);Atom inverse-splicing-last()
Atom inverse-splicing();Atom cw(sub2, sub2)
Atom s-last(sub3);Atom splice-point-2(sub3)
Atom s-next(sub3, sub1);Atom finished()
Atom cut-point-2(sub1);Atom s-next(sub1, sub1)
Atom s-last(sub2);Atom splice-next(sub1)
Atom cut-point-2(sub3);Atom splice-next(sub1)
Atom cut-point-2(sub3);Atom s-first(sub3)
Atom s-next(sub1, sub1);Atom cut-point-1(sub1)
Atom s-last(sub1);Atom cw(sub3, sub1)
Atom cw(sub3, sub3);Atom s-next(sub3, sub2)
Atom s-next(sub2, sub2);Atom splice-point-1(sub2)
Atom s-last(sub2);Atom cut-point-2(sub2)
Atom splice-next(sub3);Atom splice-point-1(sub2)
Atom splice-next(sub3);Atom cw(sub1, sub3)
Atom cw(sub3, sub3);Atom last-cut-point(sub2)
Atom s-next(sub3, sub3);Atom cw(sub3, sub2)
Atom cut-point-1(sub2);Atom splice-point-2(sub3)
Atom normal(sub1);Atom s-next(sub1, sub1)
Atom s-next(sub1, sub2);Atom s-first(sub2)
Atom s-last(sub2);Atom cw(sub1, sub2)
Atom s-first(sub2);Atom splice-next(sub2)
Atom s-first(sub3);Atom last-cut-point(sub3)
Atom last-cut-point(sub1);Atom s-first(sub1)
Atom cut-point-2(sub1);Atom inverse-splice-next(sub2)
Atom cw(sub1, sub3);Atom s-next(sub1, sub2)
Atom s-next(sub1, sub3);Atom last-cut-point(sub1)
Atom cw(sub3, sub3);Atom splicing-last()
Atom idle();Atom s-first(sub2)
Atom inverse-splice-next(sub1);Atom s-next(sub1, sub3)
Atom inverse-splice-next(sub1);Atom have-cut()
Atom inverse-splice-next(sub1);Atom inverse-splice-next(sub2)
Atom s-next(sub1, sub1);Atom have-cut()
Atom inverse-splicing();Atom splice-next(sub1)
Atom cw(sub3, sub2);Atom s-next(sub2, sub3)
Atom splicing-last();Atom cut-point-2(sub3)
Atom s-next(sub3, sub1);Atom cw(sub3, sub1)
Atom inverted(sub2);Atom splice-next(sub1)
Atom s-next(sub3, sub3);Atom splice-point-1(sub3)
Atom splice-point-2(sub3);Atom cw(sub1, sub3)
Atom cut-point-1(sub2);Atom splice-next(sub2)
Atom s-last(sub2);Atom cw(sub2, sub2)
Atom cw(sub3, sub3);Atom splice-point-1(sub2)
Atom idle();Atom s-next(sub3, sub2)
Atom s-next(sub2, sub2);Atom cw(sub2, sub1)
Atom s-next(sub2, sub2);Atom s-last(sub1)
Atom s-first(sub2);Atom splice-point-1(sub2)
Atom idle();Atom cut-point-2(sub2)
Atom s-next(sub1, sub1);Atom cut-point-1(sub3)
Atom s-next(sub3, sub3);Atom s-next(sub1, sub3)
Atom s-next(sub3, sub3);Atom s-first(sub3)
Atom inverse-splice-next(sub2);Atom cw(sub2, sub2)
Atom s-next(sub3, sub3);Atom cut-point-1(sub1)
Atom splice-next(sub3);Atom s-next(sub1, sub2)
Atom s-next(sub2, sub2);Atom last-cut-point(sub1)
Atom s-next(sub2, sub1);Atom splice-point-1(sub1)
Atom cut-point-1(sub3);Atom cw(sub3, sub1)
Atom cw(sub2, sub2);Atom splice-next(sub2)
Atom last-cut-point(sub2);Atom s-next(sub2, sub1)
Atom cut-point-2(sub3);Atom s-last(sub3)
Atom s-next(sub3, sub2);Atom finished()
Atom cw(sub3, sub3);Atom cw(sub2, sub2)
Atom s-last(sub3);Atom splice-point-1(sub3)
Atom splice-next(sub3);Atom s-first(sub1)
Atom cut-point-1(sub2);Atom inverse-splice-next(sub3)
Atom inverse-splice-next(sub1);Atom s-next(sub2, sub2)
Atom cut-point-1(sub2);Atom inverse-splice-next(sub2)
Atom cw(sub3, sub2);Atom cw(sub2, sub2)
Atom splice-point-2(sub2);Atom cw(sub3, sub3)
Atom normal(sub3);Atom splice-next(sub2)
Atom inverse-splice-next(sub2);Atom finished()
Atom s-last(sub2);Atom splicing-last()
Atom cut-point-2(sub1);Atom s-next(sub1, sub3)
Atom inverse-splice-next(sub1);Atom splice-next(sub2)
Atom splice-point-1(sub3);Atom inverse-splice-next(sub3)
Atom splicing-last();Atom splicing()
Atom cut-point-2(sub3);Atom have-cut()
Atom s-next(sub3, sub1);Atom inverse-splicing-last()
Atom cw(sub3, sub3);Atom finished()
Atom cw(sub1, sub2);Atom splice-next(sub3)
Atom cw(sub1, sub1);Atom splice-point-1(sub2)
Atom splice-next(sub3);Atom splice-point-1(sub1)
Atom last-cut-point(sub2);Atom cut-point-1(sub3)
Atom cut-point-2(sub1);Atom splice-point-2(sub3)
Atom cw(sub1, sub2);Atom s-next(sub2, sub3)
Atom splice-point-2(sub3);Atom s-next(sub3, sub2)
Atom inverse-splice-next(sub1);Atom inverse-splice-next(sub3)
Atom s-last(sub2);Atom s-next(sub3, sub3)
Atom s-next(sub1, sub1);Atom s-next(sub2, sub1)
Atom splice-point-2(sub2);Atom s-next(sub3, sub3)
Atom s-next(sub2, sub1);Atom inverse-splice-next(sub3)
Atom s-next(sub3, sub3);Atom inverse-splicing()
Atom s-next(sub2, sub2);Atom s-first(sub1)
Atom s-next(sub3, sub3);Atom splicing()
Atom inverse-splice-next(sub2);Atom splice-next(sub2)
Atom splice-point-1(sub1);Atom s-next(sub1, sub2)
Atom cw(sub1, sub1);Atom s-next(sub1, sub2)
Atom cw(sub3, sub3);Atom s-next(sub3, sub3)
Atom cut-point-2(sub3);Atom s-next(sub3, sub2)
Atom splicing-last();Atom s-last(sub3)
Atom s-next(sub2, sub1);Atom splice-next(sub3)
Atom finished();Atom s-first(sub2)
Atom s-next(sub2, sub2);Atom s-next(sub2, sub3)
Atom splice-point-2(sub3);Atom splice-point-2(sub1)
Atom s-next(sub3, sub3);Atom splice-next(sub1)
Atom cw(sub1, sub1);Atom idle()
Atom s-next(sub2, sub2);Atom inverted(sub2)
Atom s-next(sub3, sub3);Atom last-cut-point(sub2)
Atom s-next(sub1, sub1);Atom splice-next(sub3)
Atom inverse-splice-next(sub1);Atom s-next(sub3, sub1)
Atom s-next(sub1, sub1);Atom inverse-splice-next(sub3)
Atom splice-point-2(sub3);Atom have-cut()
Atom s-next(sub1, sub3);Atom splice-point-1(sub1)
Atom cut-point-2(sub1);Atom splice-point-1(sub1)
Atom cw(sub2, sub3);Atom s-next(sub2, sub1)
Atom cut-point-2(sub3);Atom idle()
Atom s-next(sub1, sub3);Atom s-last(sub1)
Atom cut-point-2(sub1);Atom splice-point-1(sub3)
Atom cut-point-1(sub2);Atom cw(sub2, sub1)
Atom s-next(sub2, sub2);Atom have-cut()
Atom cut-point-1(sub2);Atom splice-point-2(sub1)
Atom splicing-last();Atom cut-point-2(sub2)
Atom cw(sub1, sub2);Atom inverse-splice-next(sub3)
Atom splicing-last();Atom s-first(sub3)
Atom splicing();Atom cut-point-1(sub3)
Atom inverse-splice-next(sub1);Atom last-cut-point(sub1)
Atom cut-point-2(sub2);Atom splice-point-1(sub1)
Atom splicing();Atom s-next(sub2, sub3)
Atom splicing();Atom s-next(sub1, sub2)
Atom s-next(sub1, sub1);Atom s-next(sub3, sub1)
Atom s-next(sub3, sub1);Atom idle()
Atom s-last(sub2);Atom s-next(sub2, sub3)
Atom splice-next(sub1);Atom splice-next(sub2)
Atom splicing();Atom cw(sub2, sub2)
Atom idle();Atom inverse-splice-next(sub3)
Atom cut-point-1(sub2);Atom cw(sub2, sub3)
Atom cw(sub3, sub1);Atom cw(sub2, sub2)
Atom cut-point-1(sub2);Atom s-next(sub2, sub1)
Atom s-next(sub3, sub3);Atom inverse-splice-next(sub2)
Atom cut-point-2(sub1);Atom s-next(sub3, sub1)
Atom splicing();Atom cutting()
Atom s-last(sub2);Atom inverse-splicing-last()
Atom inverse-splicing-last();Atom splice-next(sub2)
Atom inverse-splice-next(sub3);Atom have-cut()
Atom s-last(sub3);Atom inverse-splicing-last()
Atom cw(sub3, sub3);Atom cutting()
Atom splicing-last();Atom cutting()
Atom cut-point-2(sub3);Atom finished()
Atom splice-point-2(sub2);Atom finished()
Atom cw(sub1, sub1);Atom cw(sub3, sub1)
Atom cutting();Atom splice-next(sub2)
Atom inverse-splicing-last();Atom s-first(sub2)
Atom splice-point-2(sub2);Atom s-next(sub2, sub2)
Atom s-next(sub1, sub1);Atom splice-point-1(sub1)
Atom splice-point-2(sub3);Atom splice-next(sub3)
Atom s-next(sub2, sub2);Atom idle()
Atom s-last(sub3);Atom inverse-splice-next(sub3)
Atom s-next(sub3, sub3);Atom s-next(sub2, sub2)
Atom splice-point-2(sub2);Atom cut-point-2(sub1)
Atom cut-point-2(sub3);Atom cw(sub2, sub2)
Atom cut-point-2(sub1);Atom finished()
Atom cut-point-2(sub2);Atom inverse-splicing()
Atom normal(sub1);Atom splice-next(sub1)
Atom s-next(sub3, sub2);Atom cw(sub3, sub1)
Atom last-cut-point(sub2);Atom last-cut-point(sub3)
Atom s-next(sub3, sub2);Atom cut-point-1(sub3)
Atom inverse-splice-next(sub1);Atom cw(sub2, sub3)
Atom splicing-last();Atom cut-point-1(sub2)
Atom splice-next(sub1);Atom splice-point-1(sub2)
Atom idle();Atom inverse-splicing-last()
Atom s-next(sub3, sub1);Atom splice-next(sub2)
Atom splice-next(sub3);Atom cutting()
Atom splice-point-2(sub3);Atom cutting()
Atom s-next(sub1, sub1);Atom cw(sub3, sub1)
Atom last-cut-point(sub3);Atom cw(sub2, sub2)
Atom splice-point-1(sub3);Atom splice-point-1(sub2)
Atom cut-point-2(sub2);Atom cw(sub3, sub2)
Atom splice-point-2(sub3);Atom finished()
Atom splice-next(sub3);Atom inverse-splicing-last()
Atom cw(sub1, sub3);Atom cw(sub2, sub2)
Atom inverse-splice-next(sub2);Atom s-next(sub1, sub2)
Atom last-cut-point(sub1);Atom splice-next(sub3)
Atom cut-point-2(sub2);Atom have-cut()
Atom cw(sub1, sub1);Atom inverse-splice-next(sub1)
Atom s-next(sub3, sub3);Atom inverse-splice-next(sub3)
Atom splice-next(sub3);Atom cut-point-1(sub3)
Atom splice-point-2(sub3);Atom cut-point-1(sub3)
Atom cut-point-2(sub1);Atom cut-point-2(sub3)
Atom cut-point-1(sub1);Atom inverse-splicing-last()
Atom s-next(sub1, sub1);Atom cw(sub2, sub3)
Atom inverted(sub1);Atom s-next(sub3, sub3)
Atom cw(sub2, sub1);Atom s-next(sub2, sub3)
Atom cut-point-1(sub2);Atom cut-point-1(sub1)
Atom s-next(sub1, sub1);Atom inverse-splicing-last()
Atom cw(sub1, sub1);Atom s-next(sub3, sub3)
Atom cw(sub3, sub3);Atom splicing()
Atom cut-point-2(sub2);Atom splice-point-1(sub2)
Atom cw(sub1, sub1);Atom cut-point-2(sub2)
Atom s-next(sub3, sub3);Atom normal(sub2)
Atom splice-point-1(sub3);Atom splice-next(sub2)
Atom cw(sub1, sub3);Atom splice-next(sub1)
Atom splice-next(sub3);Atom normal(sub2)
Atom s-next(sub1, sub1);Atom s-next(sub1, sub3)
Atom inverse-splice-next(sub2);Atom cw(sub3, sub1)
Atom s-next(sub3, sub3);Atom cut-point-2(sub3)
Atom s-next(sub3, sub2);Atom s-first(sub2)
Atom splicing();Atom s-next(sub3, sub2)
Atom last-cut-point(sub2);Atom idle()
Atom cut-point-1(sub2);Atom splicing()
Atom idle();Atom cutting()
Atom inverse-splice-next(sub2);Atom cut-point-2(sub2)
Atom cw(sub1, sub3);Atom inverse-splice-next(sub3)
Atom last-cut-point(sub1);Atom s-next(sub1, sub2)
Atom cw(sub3, sub3);Atom cw(sub2, sub1)
Atom cut-point-2(sub2);Atom splice-point-2(sub1)
Atom cw(sub3, sub2);Atom inverse-splice-next(sub3)
Atom splice-point-2(sub2);Atom s-last(sub2)
Atom cutting();Atom splice-point-1(sub1)
Atom splice-point-2(sub2);Atom s-next(sub3, sub2)
Atom inverted(sub1);Atom splice-next(sub1)
Atom s-last(sub3);Atom idle()
Atom splice-next(sub3);Atom splice-next(sub1)
Atom cut-point-1(sub2);Atom have-cut()
Atom finished();Atom s-first(sub1)
Atom last-cut-point(sub3);Atom inverse-splice-next(sub3)
Atom s-next(sub1, sub1);Atom splicing-last()
Atom cw(sub3, sub3);Atom idle()
Atom s-next(sub3, sub2);Atom cw(sub1, sub3)
Atom s-next(sub3, sub2);Atom splice-next(sub3)
Atom splicing();Atom inverse-splicing-last()
Atom inverse-splice-next(sub1);Atom cut-point-1(sub1)
Atom cw(sub1, sub1);Atom cw(sub2, sub2)
Atom s-first(sub1);Atom inverse-splicing-last()
Atom last-cut-point(sub2);Atom last-cut-point(sub1)
Atom cw(sub2, sub3);Atom splice-next(sub1)
Atom s-next(sub2, sub1);Atom cw(sub3, sub2)
Atom splice-point-1(sub3);Atom cw(sub3, sub1)
Atom s-first(sub3);Atom inverse-splice-next(sub3)
Atom s-next(sub2, sub2);Atom cw(sub1, sub3)
Atom cw(sub2, sub3);Atom s-next(sub3, sub2)
Atom splice-point-2(sub2);Atom cw(sub3, sub2)
Atom splice-point-2(sub2);Atom s-first(sub2)
Atom s-next(sub1, sub3);Atom s-first(sub3)
Atom s-next(sub1, sub1);Atom inverse-splice-next(sub2)
Atom splice-point-2(sub2);Atom cut-point-2(sub3)
Atom s-next(sub1, sub3);Atom splice-next(sub1)
Atom cw(sub2, sub1);Atom s-next(sub1, sub2)
Atom cw(sub3, sub3);Atom last-cut-point(sub1)
Atom splice-point-2(sub1);Atom s-next(sub1, sub2)
Atom s-next(sub2, sub2);Atom last-cut-point(sub3)
Atom s-next(sub1, sub3);Atom s-next(sub3, sub1)
Atom cut-point-2(sub3);Atom splice-next(sub2)
Atom splice-point-2(sub2);Atom splice-next(sub2)
Atom s-next(sub1, sub1);Atom last-cut-point(sub2)
Atom cut-point-1(sub2);Atom inverse-splicing-last()
Atom cw(sub2, sub1);Atom s-last(sub1)
Atom cw(sub3, sub3);Atom splice-point-1(sub3)
Atom have-cut();Atom splice-point-1(sub2)
Atom splicing();Atom splice-next(sub2)
Atom cut-point-2(sub1);Atom s-last(sub1)
Atom s-last(sub3);Atom cw(sub2, sub3)
Atom s-next(sub3, sub3);Atom have-cut()
Atom cut-point-2(sub3);Atom splicing()
Atom idle();Atom cw(sub2, sub2)
Atom s-next(sub2, sub2);Atom s-first(sub3)
Atom s-next(sub2, sub1);Atom s-next(sub1, sub2)
Atom inverted(sub3);Atom s-next(sub2, sub2)
Atom s-next(sub3, sub2);Atom splice-point-1(sub3)
Atom finished();Atom s-last(sub1)
Atom splice-point-2(sub2);Atom s-next(sub1, sub2)
Atom s-first(sub3);Atom s-first(sub1)
Atom s-next(sub3, sub3);Atom inverted(sub2)
Atom s-next(sub3, sub3);Atom splice-next(sub3)
Atom s-next(sub3, sub3);Atom cw(sub1, sub3)
Atom finished();Atom cut-point-2(sub2)
Atom s-last(sub3);Atom splice-next(sub3)
Atom inverse-splice-next(sub2);Atom have-cut()
Atom cw(sub2, sub2);Atom inverse-splice-next(sub3)
Atom cw(sub1, sub1);Atom inverse-splice-next(sub2)
Atom finished();Atom inverse-splicing()
Atom splice-point-1(sub1);Atom splice-next(sub2)
Atom splice-next(sub3);Atom s-next(sub2, sub3)
Atom splice-next(sub3);Atom finished()
Atom cw(sub3, sub2);Atom s-next(sub1, sub2)
Atom s-next(sub2, sub2);Atom cw(sub3, sub1)
Atom s-next(sub1, sub1);Atom inverted(sub2)
Atom s-next(sub1, sub1);Atom cw(sub2, sub2)
Atom s-next(sub2, sub2);Atom splicing()
Atom cut-point-2(sub1);Atom splice-next(sub2)
Atom splice-point-2(sub3);Atom splice-next(sub2)
Atom cut-point-1(sub2);Atom splice-point-1(sub1)
Atom cut-point-1(sub1);Atom splice-next(sub2)
Atom cutting();Atom splice-next(sub1)
Atom inverse-splice-next(sub2);Atom s-first(sub2)
Atom splice-point-1(sub3);Atom s-first(sub3)
Atom cw(sub2, sub1);Atom splice-point-1(sub2)
Atom cut-point-2(sub1);Atom cw(sub3, sub2)
Atom s-last(sub3);Atom cw(sub1, sub3)
Atom cw(sub1, sub1);Atom cw(sub1, sub3)
Atom splice-point-2(sub1);Atom cw(sub3, sub1)
Atom cut-point-2(sub1);Atom splicing()
Atom cw(sub3, sub3);Atom inverse-splice-next(sub1)
Atom s-next(sub1, sub3);Atom splice-next(sub2)
Atom s-next(sub1, sub3);Atom cw(sub3, sub1)
Atom splicing-last();Atom s-next(sub1, sub3)
Atom cut-point-1(sub1);Atom inverse-splice-next(sub3)
Atom inverse-splice-next(sub1);Atom finished()
Atom s-next(sub3, sub3);Atom s-last(sub3)
Atom splice-point-1(sub3);Atom cut-point-1(sub3)
Atom inverse-splice-next(sub1);Atom cut-point-2(sub3)
Atom splicing-last();Atom s-last(sub1)
Atom splicing-last();Atom cut-point-1(sub1)
Atom s-next(sub1, sub1);Atom idle()
Atom cw(sub3, sub3);Atom cut-point-2(sub2)
Atom s-first(sub3);Atom cw(sub1, sub3)
Atom cw(sub1, sub1);Atom s-next(sub1, sub3)
Atom s-next(sub2, sub3);Atom cw(sub2, sub2)
Atom s-next(sub2, sub2);Atom s-first(sub2)
Atom s-last(sub3);Atom s-next(sub3, sub1)
Atom cut-point-2(sub3);Atom cw(sub1, sub3)
Atom cut-point-2(sub3);Atom splice-point-1(sub2)
Atom inverse-splice-next(sub1);Atom s-next(sub3, sub3)
Atom cw(sub1, sub1);Atom inverse-splicing-last()
Atom inverse-splicing();Atom have-cut()
Atom cut-point-1(sub2);Atom s-first(sub2)
Atom s-next(sub1, sub2);Atom cw(sub3, sub1)
Atom cut-point-2(sub3);Atom inverse-splice-next(sub2)
Atom s-next(sub3, sub3);Atom cw(sub1, sub2)
Atom cut-point-1(sub3);Atom splice-point-1(sub1)
Atom splicing-last();Atom have-cut()
Atom cw(sub3, sub3);Atom splice-point-2(sub3)
Atom s-next(sub3, sub3);Atom last-cut-point(sub1)
Atom cut-point-2(sub3);Atom s-next(sub1, sub3)
Atom s-next(sub2, sub2);Atom cut-point-1(sub1)
Atom cw(sub3, sub2);Atom splice-next(sub2)
Atom s-last(sub2);Atom s-last(sub3)
Atom s-next(sub3, sub3);Atom s-last(sub1)
Atom splicing();Atom s-next(sub2, sub1)
Atom cw(sub3, sub3);Atom cut-point-1(sub2)
Atom splice-point-2(sub2);Atom s-next(sub1, sub1)
Atom cut-point-1(sub2);Atom cw(sub2, sub2)
Atom s-next(sub1, sub3);Atom cw(sub2, sub3)
Atom splice-point-1(sub3);Atom cut-point-2(sub2)
Atom s-last(sub2);Atom s-next(sub1, sub1)
Atom cw(sub1, sub1);Atom s-first(sub1)
Atom s-next(sub1, sub1);Atom s-first(sub2)
Atom splice-point-2(sub2);Atom s-next(sub2, sub1)
Atom splice-next(sub3);Atom inverse-splicing()
Atom cw(sub1, sub1);Atom s-next(sub1, sub1)
Atom s-next(sub2, sub1);Atom splice-next(sub2)
Atom splice-point-2(sub3);Atom splice-next(sub1)
Atom splicing();Atom cut-point-2(sub2)
Atom s-next(sub1, sub1);Atom splice-next(sub1)
Atom cut-point-1(sub1);Atom inverse-splicing()
Atom splice-point-1(sub1);Atom splice-next(sub1)
Atom cut-point-2(sub2);Atom splice-next(sub2)
Atom s-next(sub2, sub2);Atom cw(sub3, sub2)
Atom s-next(sub2, sub2);Atom inverse-splicing-last()
Atom finished();Atom splice-point-2(sub1)
Atom last-cut-point(sub2);Atom splice-next(sub3)
Atom cut-point-1(sub1);Atom splice-next(sub3)
Atom cut-point-1(sub2);Atom idle()
Atom cw(sub1, sub1);Atom splice-point-1(sub3)
Atom cut-point-2(sub1);Atom s-next(sub2, sub2)
Atom s-last(sub3);Atom splice-next(sub1)
Atom cw(sub3, sub3);Atom cw(sub3, sub2)
Atom idle();Atom finished()
Atom last-cut-point(sub1);Atom cw(sub2, sub2)
Atom s-next(sub2, sub2);Atom inverse-splice-next(sub2)
Atom s-next(sub1, sub2);Atom inverse-splicing-last()
Atom inverse-splice-next(sub1);Atom splice-next(sub1)
Atom s-next(sub3, sub2);Atom inverse-splicing-last()
Atom cut-point-1(sub3);Atom cw(sub3, sub2)
Atom cw(sub2, sub1);Atom cw(sub2, sub2)
Atom splicing-last();Atom s-next(sub2, sub2)
Atom splice-point-1(sub3);Atom have-cut()
Atom splice-point-2(sub1);Atom cw(sub2, sub2)
Atom normal(sub2);Atom inverted(sub2)
Atom cw(sub1, sub2);Atom splice-point-1(sub1)
Atom cw(sub2, sub2);Atom splice-next(sub1)
Atom finished();Atom inverse-splice-next(sub3)
Atom s-next(sub3, sub1);Atom splice-point-2(sub3)
Atom cw(sub2, sub3);Atom cw(sub2, sub2)
Atom s-next(sub1, sub1);Atom s-next(sub3, sub2)
Atom idle();Atom cut-point-1(sub3)
Atom cut-point-1(sub3);Atom inverse-splicing()
Atom splice-point-1(sub3);Atom cw(sub3, sub2)
Atom s-next(sub3, sub2);Atom splice-next(sub1)
Atom cut-point-2(sub1);Atom inverse-splice-next(sub3)
Atom splice-point-2(sub2);Atom cut-point-1(sub2)
Atom normal(sub2);Atom splice-next(sub1)
Atom splice-point-2(sub2);Atom splice-point-2(sub1)
Atom cw(sub2, sub3);Atom s-next(sub2, sub3)
Atom last-cut-point(sub1);Atom splice-next(sub2)
Atom cw(sub1, sub1);Atom cut-point-1(sub2)
Atom splicing-last();Atom inverse-splice-next(sub3)
Atom s-next(sub3, sub3);Atom s-next(sub2, sub3)
Atom s-next(sub1, sub3);Atom cw(sub1, sub3)
Atom s-next(sub1, sub3);Atom inverse-splice-next(sub3)
Atom cw(sub3, sub3);Atom splice-point-2(sub1)
Atom cw(sub2, sub1);Atom inverse-splice-next(sub3)
Atom inverse-splice-next(sub1);Atom cut-point-1(sub3)
Atom cw(sub1, sub2);Atom s-next(sub1, sub2)
Atom cw(sub1, sub1);Atom splice-next(sub3)
Atom cw(sub3, sub2);Atom splice-next(sub1)
Atom s-next(sub1, sub1);Atom s-last(sub1)
Atom s-next(sub2, sub1);Atom cw(sub3, sub1)
Atom inverse-splice-next(sub2);Atom s-next(sub2, sub3)
Atom inverse-splice-next(sub1);Atom inverse-splicing-last()
Atom splice-point-2(sub2);Atom cw(sub1, sub1)
Atom s-next(sub3, sub2);Atom splice-point-1(sub2)
Atom s-next(sub3, sub3);Atom splice-point-2(sub3)
Atom s-next(sub1, sub1);Atom cut-point-2(sub2)
Atom s-next(sub1, sub2);Atom splice-point-1(sub2)
Atom s-next(sub1, sub1);Atom s-first(sub3)
Atom cw(sub3, sub3);Atom cw(sub3, sub1)
Atom inverse-splice-next(sub1);Atom cutting()
Atom s-next(sub2, sub2);Atom inverse-splicing()
Atom cut-point-1(sub3);Atom splice-point-1(sub2)
Atom cw(sub1, sub1);Atom cw(sub2, sub3)
Atom cw(sub1, sub1);Atom cw(sub3, sub3)
Atom cw(sub3, sub3);Atom splice-point-1(sub1)
Atom cw(sub2, sub3);Atom splice-next(sub3)
Atom s-next(sub3, sub1);Atom inverse-splice-next(sub3)
Atom inverse-splice-next(sub2);Atom cutting()
Atom splice-point-2(sub2);Atom have-cut()
Atom splice-next(sub3);Atom s-first(sub2)
Atom splicing-last();Atom s-next(sub3, sub1)
Atom s-next(sub2, sub2);Atom finished()
Atom splice-point-1(sub2);Atom splice-next(sub2)
Atom splicing();Atom have-cut()
Atom splice-next(sub1);Atom have-cut()
Atom s-next(sub2, sub2);Atom splice-point-1(sub3)
Atom cw(sub1, sub2);Atom cw(sub3, sub2)
Atom s-next(sub3, sub3);Atom splice-next(sub2)
Atom s-next(sub2, sub1);Atom inverse-splice-next(sub2)
Atom inverse-splice-next(sub2);Atom splice-next(sub1)
Atom inverted(sub2);Atom splice-next(sub2)
Atom splice-point-1(sub1);Atom splice-point-1(sub2)
Atom cut-point-2(sub1);Atom splice-next(sub1)
Atom cutting();Atom cw(sub2, sub2)
Atom cut-point-2(sub1);Atom cut-point-2(sub2)
Atom finished();Atom s-next(sub2, sub3)
Atom splice-next(sub3);Atom last-cut-point(sub3)
Atom s-next(sub2, sub2);Atom s-next(sub3, sub1)
Atom s-last(sub2);Atom inverse-splice-next(sub2)
Atom cw(sub3, sub2);Atom cw(sub3, sub1)
Atom s-last(sub2);Atom splice-next(sub3)
Atom splice-point-1(sub1);Atom have-cut()
Atom splice-point-2(sub3);Atom cw(sub2, sub2)
Atom cw(sub1, sub1);Atom splice-point-1(sub1)
Atom last-cut-point(sub1);Atom cut-point-1(sub3)
Atom cut-point-2(sub2);Atom splice-next(sub1)
Atom cut-point-1(sub3);Atom cw(sub2, sub2)
Atom cw(sub3, sub1);Atom splice-next(sub2)
Atom cut-point-2(sub3);Atom splice-next(sub3)
Atom splice-next(sub1);Atom inverse-splice-next(sub3)
Atom s-next(sub3, sub2);Atom s-next(sub2, sub3)
Atom splicing-last();Atom s-next(sub3, sub3)
Atom s-next(sub1, sub2);Atom cw(sub2, sub2)
Atom s-next(sub1, sub3);Atom inverse-splicing-last()
Atom inverse-splice-next(sub2);Atom cw(sub1, sub3)
Atom cut-point-2(sub1);Atom have-cut()
Atom cut-point-1(sub1);Atom have-cut()
Atom s-next(sub2, sub3);Atom splice-next(sub1)
Atom cw(sub3, sub3);Atom splice-next(sub3)
Atom cut-point-1(sub3);Atom splice-next(sub1)
Atom cut-point-2(sub3);Atom inverse-splicing()
Atom cw(sub1, sub1);Atom last-cut-point(sub3)
Atom s-next(sub1, sub1);Atom s-next(sub2, sub3)
Atom s-last(sub2);Atom idle()
Atom cut-point-2(sub3);Atom cw(sub2, sub3)
Atom finished();Atom splice-next(sub1)
Atom splicing();Atom splice-next(sub1)
Atom inverted(sub3);Atom normal(sub3)
Atom s-next(sub3, sub2);Atom cw(sub3, sub2)
Atom cut-point-1(sub1);Atom s-next(sub1, sub2)
Atom cw(sub1, sub1);Atom s-next(sub3, sub1)
Atom idle();Atom last-cut-point(sub3)
Atom cw(sub1, sub1);Atom cw(sub2, sub1)
Atom s-next(sub3, sub1);Atom s-first(sub1)
Atom s-next(sub2, sub3);Atom splice-next(sub2)
Atom cw(sub1, sub1);Atom inverse-splicing()
Atom splice-point-2(sub2);Atom cut-point-2(sub2)
Atom s-next(sub2, sub1);Atom inverse-splicing-last()
Atom cw(sub2, sub1);Atom cw(sub3, sub1)
Atom s-last(sub2);Atom s-last(sub1)
Atom s-first(sub3);Atom splice-next(sub2)
Atom idle();Atom s-next(sub1, sub2)
Atom splice-point-2(sub1);Atom s-first(sub1)
Atom inverse-splice-next(sub1);Atom s-next(sub2, sub3)
Atom cut-point-2(sub1);Atom cw(sub3, sub1)
Atom inverse-splice-next(sub1);Atom s-next(sub2, sub1)
Atom s-first(sub3);Atom cut-point-1(sub3)
Atom cw(sub3, sub3);Atom cw(sub1, sub3)
Atom cut-point-2(sub2);Atom inverse-splice-next(sub3)
Atom splice-point-1(sub3);Atom cutting()
Atom cut-point-1(sub1);Atom inverse-splice-next(sub2)
Atom s-next(sub2, sub1);Atom finished()
Atom inverse-splicing();Atom splice-next(sub2)
Atom cw(sub3, sub1);Atom s-first(sub1)
Atom s-next(sub1, sub1);Atom cut-point-1(sub2)
Atom cut-point-2(sub1);Atom splice-point-1(sub2)
Atom cw(sub2, sub1);Atom splice-point-2(sub1)
Atom inverted(sub1);Atom splice-next(sub3)
Atom splice-point-2(sub3);Atom cut-point-1(sub1)
Atom splicing-last();Atom splice-next(sub2)
Atom s-last(sub1);Atom splice-point-1(sub1)
Atom s-next(sub3, sub1);Atom cw(sub1, sub3)
Atom cw(sub2, sub3);Atom cw(sub2, sub1)
Atom s-next(sub3, sub1);Atom splice-next(sub3)
Atom splice-point-2(sub3);Atom inverse-splice-next(sub3)
Atom cw(sub2, sub3);Atom inverse-splice-next(sub3)
Atom splice-point-2(sub2);Atom s-next(sub2, sub3)
Atom splice-next(sub3);Atom inverted(sub2)
Atom s-next(sub1, sub1);Atom s-next(sub1, sub2)
Atom have-cut();Atom splice-next(sub2)
Atom s-next(sub3, sub1);Atom splicing()
Atom idle();Atom splice-point-2(sub1)
Atom inverted(sub3);Atom splice-next(sub3)
Atom splice-point-2(sub2);Atom cw(sub2, sub2)
Atom s-next(sub2, sub2);Atom cut-point-2(sub2)
Atom cw(sub3, sub3);Atom s-next(sub1, sub1)
Atom cutting();Atom inverse-splice-next(sub3)
Atom last-cut-point(sub2);Atom s-first(sub2)
Atom cut-point-1(sub2);Atom s-next(sub2, sub3)
Atom splice-next(sub3);Atom have-cut()
Atom s-next(sub2, sub2);Atom cw(sub1, sub2)
Atom finished();Atom splice-point-1(sub3)
Atom cut-point-1(sub1);Atom splice-next(sub1)
Atom splice-point-1(sub3);Atom splice-next(sub1)
Atom cw(sub3, sub3);Atom inverse-splicing-last()
Atom inverse-splice-next(sub1);Atom idle()
Atom splicing();Atom inverse-splice-next(sub2)
Atom cut-point-2(sub3);Atom s-next(sub3, sub1)
Atom s-next(sub3, sub3);Atom s-first(sub2)
Atom s-next(sub1, sub3);Atom inverse-splice-next(sub2)
Atom cut-point-1(sub2);Atom splice-point-1(sub2)
Atom cw(sub3, sub3);Atom splice-next(sub2)
Atom splice-point-2(sub2);Atom inverse-splice-next(sub2)
Atom cw(sub2, sub3);Atom cw(sub1, sub3)
Atom splicing-last();Atom inverse-splice-next(sub2)
Atom inverse-splice-next(sub1);Atom s-next(sub1, sub2)
Atom inverse-splice-next(sub1);Atom s-next(sub3, sub2)
Atom s-next(sub3, sub1);Atom s-next(sub2, sub1)
Atom finished();Atom have-cut()
Atom inverse-splice-next(sub2);Atom inverse-splicing()
Atom cw(sub1, sub1);Atom splicing()
Atom s-last(sub3);Atom s-last(sub1)
Atom s-next(sub3, sub3);Atom s-next(sub1, sub2)
Atom s-last(sub2);Atom cw(sub3, sub2)
Atom cut-point-1(sub2);Atom splice-point-1(sub3)
Atom inverse-splice-next(sub2);Atom splice-next(sub3)
Atom cut-point-1(sub1);Atom cut-point-1(sub3)
Atom s-next(sub2, sub2);Atom s-last(sub3)
Atom splicing-last();Atom cw(sub2, sub2)
Atom s-next(sub2, sub3);Atom splice-point-1(sub2)
Atom idle();Atom s-first(sub1)
Atom s-next(sub3, sub3);Atom cut-point-2(sub2)
Atom cw(sub1, sub1);Atom cut-point-1(sub3)
Atom finished();Atom splice-point-1(sub1)
Atom cutting();Atom inverse-splicing()
Atom s-next(sub3, sub1);Atom cw(sub2, sub1)
Atom inverse-splice-next(sub1);Atom cw(sub3, sub2)
Atom cw(sub1, sub1);Atom s-next(sub2, sub1)
Atom cut-point-2(sub1);Atom cw(sub2, sub2)
Atom s-next(sub2, sub3);Atom inverse-splice-next(sub3)
Atom s-last(sub3);Atom s-next(sub3, sub2)
Atom s-next(sub3, sub3);Atom cw(sub2, sub1)
Atom splice-point-2(sub3);Atom cut-point-2(sub2)
Atom cw(sub3, sub2);Atom s-first(sub2)
Atom cut-point-1(sub1);Atom splice-point-1(sub3)
Atom cw(sub1, sub2);Atom splice-next(sub2)
Atom inverse-splicing-last();Atom splice-next(sub1)
Atom splicing();Atom inverse-splicing()
Atom finished();Atom cw(sub2, sub2)
Atom cut-point-1(sub3);Atom splice-point-2(sub1)
Atom cut-point-2(sub1);Atom s-next(sub2, sub1)
Atom cw(sub1, sub3);Atom splice-next(sub2)
Atom s-next(sub1, sub1);Atom inverted(sub3)
Atom cw(sub2, sub3);Atom splice-next(sub2)
Atom splice-point-2(sub2);Atom cw(sub1, sub2)
Atom cut-point-1(sub2);Atom splice-next(sub1)
Atom s-next(sub2, sub1);Atom s-next(sub2, sub3)
Atom s-next(sub3, sub1);Atom s-next(sub3, sub2)
Atom s-next(sub1, sub3);Atom cw(sub2, sub1)
Atom cut-point-1(sub1);Atom cw(sub1, sub2)
Atom splice-next(sub3);Atom cw(sub3, sub2)
Atom s-next(sub1, sub3);Atom splice-point-2(sub1)
Atom s-next(sub1, sub1);Atom splice-point-1(sub2)
Atom s-last(sub2);Atom finished()
Atom idle();Atom splice-next(sub2)
Atom cw(sub2, sub2);Atom inverse-splicing-last()
Atom s-next(sub2, sub2);Atom s-next(sub2, sub1)
Atom cw(sub1, sub1);Atom cw(sub1, sub2)
Atom normal(sub1);Atom s-next(sub3, sub3)
Atom cut-point-1(sub1);Atom splice-point-1(sub2)
Atom cw(sub1, sub1);Atom cut-point-1(sub1)
Atom cutting();Atom splice-point-1(sub2)
Atom s-next(sub3, sub3);Atom normal(sub3)
Atom cut-point-1(sub1);Atom cw(sub1, sub3)
Atom s-next(sub2, sub3);Atom inverse-splicing-last()
Atom cut-point-1(sub2);Atom inverse-splicing()
Atom cut-point-1(sub2);Atom s-next(sub2, sub2)
Atom s-next(sub2, sub1);Atom s-first(sub1)
Atom idle();Atom s-first(sub3)
Atom splicing-last();Atom s-next(sub1, sub2)
Atom s-next(sub3, sub1);Atom cw(sub3, sub2)
Atom cut-point-2(sub3);Atom splice-point-2(sub1)
Atom s-next(sub3, sub3);Atom last-cut-point(sub3)
Atom cut-point-2(sub3);Atom cw(sub2, sub1)
Atom cut-point-2(sub3);Atom cw(sub1, sub2)
Atom finished();Atom cutting()
Atom s-next(sub1, sub3);Atom cw(sub1, sub2)
Atom cut-point-2(sub1);Atom s-next(sub3, sub3)
Atom last-cut-point(sub2);Atom inverse-splice-next(sub2)
Atom s-next(sub3, sub1);Atom inverse-splice-next(sub2)
Atom idle();Atom splice-point-1(sub2)
Atom s-next(sub3, sub3);Atom s-next(sub2, sub1)
Atom last-cut-point(sub1);Atom splice-next(sub1)
Atom cw(sub1, sub1);Atom splicing-last()
Atom cut-point-2(sub3);Atom splice-point-1(sub1)
Atom cw(sub2, sub2);Atom s-first(sub2)
Atom cw(sub3, sub3);Atom cw(sub1, sub2)
Atom inverse-splice-next(sub1);Atom s-last(sub1)
Atom splicing-last();Atom s-first(sub1)
Atom inverse-splice-next(sub1);Atom cut-point-2(sub2)
Atom splicing();Atom cut-point-1(sub1)
Atom cw(sub1, sub1);Atom cw(sub3, sub2)
Atom splice-point-2(sub2);Atom cut-point-1(sub3)
Atom inverted(sub3);Atom splice-next(sub1)
Atom s-next(sub3, sub2);Atom last-cut-point(sub3)
Atom inverse-splice-next(sub2);Atom inverse-splice-next(sub3)
Atom cw(sub3, sub1);Atom splice-next(sub1)
Atom s-next(sub3, sub1);Atom splice-next(sub1)
Atom s-last(sub2);Atom splice-point-1(sub2)
Atom s-next(sub3, sub2);Atom s-next(sub1, sub2)
Atom s-first(sub1);Atom splice-next(sub2)
Atom finished();Atom splice-point-1(sub2)
Atom cut-point-1(sub1);Atom last-cut-point(sub3)
Atom splice-point-2(sub2);Atom cutting()
Atom s-next(sub2, sub2);Atom normal(sub2)
Atom s-next(sub1, sub1);Atom s-next(sub2, sub2)
Atom s-next(sub1, sub1);Atom finished()
Atom splice-next(sub3);Atom cw(sub2, sub2)
Atom s-next(sub2, sub1);Atom splice-point-1(sub2)
Atom s-next(sub2, sub2);Atom cw(sub2, sub3)
Atom cw(sub2, sub3);Atom splice-point-1(sub2)
Atom cut-point-1(sub3);Atom inverse-splice-next(sub3)
Atom inverse-splice-next(sub1);Atom s-next(sub1, sub1)
Atom splice-point-2(sub1);Atom have-cut()
Atom normal(sub1);Atom splice-next(sub2)
Atom s-next(sub1, sub3);Atom finished()
Atom s-next(sub3, sub2);Atom cw(sub2, sub2)
Atom cw(sub1, sub2);Atom s-next(sub2, sub1)
Atom cut-point-2(sub1);Atom inverse-splicing-last()
Atom normal(sub3);Atom splice-next(sub1)
Atom splice-next(sub2)
Atom splice-next(sub3)
Atom s-next(sub2, sub2)
Atom splice-next(sub1)
Atom s-next(sub1, sub1)
Atom s-next(sub3, sub3)
