Atom holding(left, shaker1);Atom handempty(left)
Atom contains(shot3, cocktail1);Atom empty(shot3)
Atom contains(shaker1, ingredient3);Atom contains(shaker1, cocktail3)
Atom used(shot4, ingredient3);Atom contains(shot4, cocktail2)
Atom holding(right, shot3);Atom holding(left, shot3)
Atom used(shot1, ingredient1);Atom contains(shot1, ingredient2)
Atom used(shot3, ingredient1);Atom contains(shot3, ingredient2)
Atom contains(shot4, ingredient3);Atom used(shot4, ingredient2)
Atom used(shot3, ingredient1);Atom used(shot3, ingredient3)
Atom contains(shot1, cocktail2);Atom contains(shot1, cocktail4)
Atom contains(shot2, cocktail1);Atom used(shot2, ingredient3)
Atom contains(shot4, ingredient1);Atom used(shot4, ingredient3)
Atom empty(shot1);Atom contains(shot1, ingredient3)
Atom used(shot2, ingredient1);Atom used(shot2, ingredient3)
Atom contains(shot2, cocktail1);Atom clean(shot2)
Atom contains(shaker1, cocktail2);Atom contains(shaker1, ingredient1)
Atom used(shot3, ingredient3);Atom contains(shot3, cocktail4)
Atom contains(shot1, cocktail1);Atom contains(shot1, cocktail4)
Atom holding(left, shot1);Atom holding(left, shot3)
Atom clean(shot1);Atom used(shot1, ingredient1)
Atom used(shot1, ingredient2);Atom contains(shot1, ingredient3)
Atom contains(shot2, ingredient1);Atom contains(shot2, ingredient3)
Atom empty(shot1);Atom contains(shot1, cocktail2)
Atom empty(shaker1);Atom shaked(shaker1)
Atom contains(shot1, cocktail1);Atom contains(shot1, cocktail2)
Atom handempty(right);Atom holding(right, shot4)
Atom empty(shot4);Atom contains(shot4, cocktail2)
Atom clean(shot1);Atom contains(shot1, cocktail3)
Atom clean(shot2);Atom used(shot2, ingredient3)
Atom holding(right, shot1);Atom handempty(right)
Atom contains(shaker1, cocktail3);Atom contains(shaker1, cocktail2)
Atom clean(shaker1);Atom shaked(shaker1)
Atom contains(shot3, cocktail2);Atom empty(shot3)
Atom holding(left, shot3);Atom holding(left, shot2)
Atom contains(shot3, cocktail4);Atom contains(shot3, cocktail3)
Atom contains(shot1, ingredient1);Atom contains(shot1, ingredient3)
Atom clean(shaker1);Atom contains(shaker1, cocktail1)
Atom clean(shot1);Atom contains(shot1, cocktail1)
Atom used(shot4, ingredient3);Atom contains(shot4, ingredient2)
Atom contains(shot4, cocktail1);Atom contains(shot4, ingredient1)
Atom clean(shaker1);Atom shaker-level(shaker1, l1)
Atom ontable(shaker1);Atom holding(right, shaker1)
Atom used(shot3, ingredient1);Atom contains(shot3, cocktail4)
Atom contains(shot3, ingredient2);Atom contains(shot3, cocktail3)
Atom handempty(left);Atom holding(left, shot3)
Atom empty(shaker1);Atom contains(shaker1, ingredient1)
Atom contains(shot3, cocktail4);Atom contains(shot3, ingredient3)
Atom used(shot2, ingredient3);Atom contains(shot2, ingredient2)
Atom holding(left, shaker1);Atom holding(left, shot2)
Atom contains(shot2, cocktail3);Atom contains(shot2, cocktail4)
Atom contains(shaker1, ingredient3);Atom clean(shaker1)
Atom holding(left, shot4);Atom holding(right, shot4)
Atom holding(left, shot4);Atom ontable(shot4)
Atom contains(shot1, ingredient1);Atom contains(shot1, cocktail2)
Atom contains(shot2, cocktail1);Atom contains(shot2, ingredient2)
Atom contains(shot2, ingredient1);Atom clean(shot2)
Atom contains(shot3, ingredient2);Atom clean(shot3)
Atom contains(shaker1, ingredient3);Atom shaker-level(shaker1, l0)
Atom handempty(right);Atom holding(right, shot3)
Atom contains(shot2, cocktail3);Atom used(shot2, ingredient2)
Atom used(shot4, ingredient1);Atom contains(shot4, cocktail2)
Atom used(shot1, ingredient1);Atom used(shot1, ingredient3)
Atom unshaked(shaker1);Atom shaked(shaker1)
Atom contains(shaker1, ingredient2);Atom contains(shaker1, cocktail1)
Atom holding(right, shot3);Atom holding(right, shaker1)
Atom contains(shot4, ingredient2);Atom contains(shot4, cocktail3)
Atom contains(shot2, ingredient1);Atom used(shot2, ingredient3)
Atom holding(left, shot4);Atom handempty(left)
Atom used(shot3, ingredient1);Atom contains(shot3, ingredient3)
Atom holding(left, shot3);Atom ontable(shot3)
Atom holding(right, shot3);Atom holding(right, shot4)
Atom used(shot4, ingredient1);Atom contains(shot4, ingredient2)
Atom contains(shaker1, cocktail1);Atom contains(shaker1, ingredient1)
Atom contains(shot2, cocktail2);Atom used(shot2, ingredient3)
Atom used(shot2, ingredient1);Atom clean(shot2)
Atom contains(shot4, ingredient1);Atom contains(shot4, cocktail4)
Atom contains(shot2, cocktail1);Atom empty(shot2)
Atom holding(left, shaker1);Atom ontable(shaker1)
Atom used(shot1, ingredient1);Atom used(shot1, ingredient2)
Atom contains(shot1, cocktail2);Atom contains(shot1, ingredient3)
Atom holding(right, shot1);Atom holding(right, shot2)
Atom contains(shot1, cocktail3);Atom contains(shot1, cocktail4)
Atom contains(shot2, ingredient1);Atom contains(shot2, ingredient2)
Atom used(shot1, ingredient2);Atom contains(shot1, cocktail4)
Atom empty(shot1);Atom contains(shot1, cocktail1)
Atom used(shot4, ingredient1);Atom used(shot4, ingredient3)
Atom holding(right, shot2);Atom holding(right, shaker1)
Atom contains(shot1, cocktail1);Atom used(shot1, ingredient3)
Atom contains(shaker1, ingredient2);Atom empty(shaker1)
Atom used(shot3, ingredient2);Atom used(shot3, ingredient3)
Atom contains(shot4, cocktail1);Atom contains(shot4, cocktail4)
Atom contains(shot2, cocktail1);Atom contains(shot2, cocktail2)
Atom contains(shot4, cocktail1);Atom empty(shot4)
Atom contains(shot2, cocktail4);Atom used(shot2, ingredient2)
Atom used(shot1, ingredient3);Atom contains(shot1, cocktail4)
Atom contains(shot3, ingredient3);Atom empty(shot3)
Atom used(shot1, ingredient2);Atom used(shot1, ingredient3)
Atom used(shot3, ingredient2);Atom contains(shot3, cocktail2)
Atom shaker-level(shaker1, l2);Atom shaker-level(shaker1, l1)
Atom contains(shot4, ingredient3);Atom contains(shot4, ingredient2)
Atom holding(left, shaker1);Atom holding(left, shot3)
Atom clean(shot1);Atom contains(shot1, cocktail4)
Atom contains(shot1, cocktail1);Atom contains(shot1, cocktail3)
Atom contains(shaker1, cocktail4);Atom contains(shaker1, ingredient3)
Atom holding(right, shot2);Atom ontable(shot2)
Atom contains(shaker1, ingredient2);Atom shaked(shaker1)
Atom holding(left, shaker1);Atom holding(left, shot1)
Atom clean(shot1);Atom contains(shot1, cocktail2)
Atom contains(shot4, cocktail1);Atom used(shot4, ingredient3)
Atom contains(shot4, cocktail4);Atom contains(shot4, ingredient2)
Atom contains(shot3, ingredient2);Atom contains(shot3, cocktail2)
Atom contains(shaker1, ingredient2);Atom contains(shaker1, cocktail2)
Atom contains(shot2, cocktail4);Atom used(shot2, ingredient3)
Atom contains(shot1, ingredient3);Atom contains(shot1, cocktail4)
Atom contains(shot3, cocktail3);Atom empty(shot3)
Atom contains(shot2, cocktail1);Atom contains(shot2, ingredient3)
Atom clean(shot4);Atom contains(shot4, cocktail4)
Atom contains(shot3, ingredient1);Atom contains(shot3, cocktail2)
Atom shaked(shaker1);Atom contains(shaker1, ingredient1)
Atom contains(shot2, ingredient1);Atom contains(shot2, cocktail1)
Atom contains(shaker1, cocktail4);Atom contains(shaker1, cocktail1)
Atom used(shot1, ingredient1);Atom contains(shot1, cocktail2)
Atom clean(shot4);Atom used(shot4, ingredient3)
Atom contains(shot3, cocktail1);Atom contains(shot3, ingredient3)
Atom contains(shot2, cocktail3);Atom used(shot2, ingredient3)
Atom contains(shot3, cocktail1);Atom used(shot3, ingredient1)
Atom contains(shot1, cocktail3);Atom used(shot1, ingredient2)
Atom contains(shot4, cocktail4);Atom contains(shot4, ingredient3)
Atom contains(shaker1, cocktail3);Atom empty(shaker1)
Atom used(shot4, ingredient1);Atom used(shot4, ingredient2)
Atom contains(shaker1, ingredient3);Atom empty(shaker1)
Atom contains(shot3, cocktail4);Atom empty(shot3)
Atom contains(shot3, cocktail1);Atom used(shot3, ingredient3)
Atom contains(shot1, ingredient2);Atom used(shot1, ingredient3)
Atom empty(shot4);Atom contains(shot4, ingredient2)
Atom holding(right, shot1);Atom holding(right, shot3)
Atom holding(right, shot1);Atom holding(right, shot4)
Atom clean(shot4);Atom used(shot4, ingredient2)
Atom contains(shot2, ingredient1);Atom used(shot2, ingredient2)
Atom handempty(right);Atom holding(right, shot2)
Atom used(shot4, ingredient1);Atom contains(shot4, cocktail3)
Atom contains(shot1, ingredient1);Atom used(shot1, ingredient3)
Atom shaker-level(shaker1, l0);Atom contains(shaker1, ingredient1)
Atom used(shot3, ingredient2);Atom contains(shot3, ingredient3)
Atom contains(shot3, cocktail1);Atom contains(shot3, cocktail4)
Atom used(shot3, ingredient1);Atom used(shot3, ingredient2)
Atom contains(shot3, cocktail1);Atom contains(shot3, ingredient1)
Atom contains(shaker1, ingredient2);Atom contains(shaker1, cocktail4)
Atom contains(shot3, ingredient1);Atom contains(shot3, cocktail4)
Atom empty(shaker1);Atom contains(shaker1, cocktail1)
Atom contains(shot4, cocktail4);Atom contains(shot4, cocktail2)
Atom contains(shot4, cocktail1);Atom used(shot4, ingredient2)
Atom contains(shot4, cocktail4);Atom used(shot4, ingredient2)
Atom contains(shot2, ingredient1);Atom contains(shot2, cocktail2)
Atom used(shot3, ingredient1);Atom contains(shot3, cocktail2)
Atom contains(shot3, cocktail1);Atom contains(shot3, cocktail3)
Atom used(shot4, ingredient3);Atom contains(shot4, cocktail3)
Atom used(shot3, ingredient3);Atom clean(shot3)
Atom empty(shot4);Atom contains(shot4, cocktail3)
Atom contains(shaker1, cocktail2);Atom empty(shaker1)
Atom used(shot3, ingredient2);Atom clean(shot3)
Atom contains(shot1, cocktail3);Atom contains(shot1, ingredient3)
Atom unshaked(shaker1);Atom contains(shaker1, cocktail1)
Atom contains(shot2, cocktail1);Atom used(shot2, ingredient2)
Atom contains(shaker1, ingredient2);Atom contains(shaker1, cocktail3)
Atom contains(shot2, ingredient1);Atom empty(shot2)
Atom holding(left, shot1);Atom holding(left, shot2)
Atom contains(shot2, cocktail2);Atom clean(shot2)
Atom contains(shaker1, cocktail4);Atom contains(shaker1, cocktail3)
Atom contains(shaker1, cocktail3);Atom clean(shaker1)
Atom clean(shot1);Atom used(shot1, ingredient2)
Atom contains(shot4, cocktail1);Atom contains(shot4, ingredient2)
Atom contains(shot1, cocktail2);Atom used(shot1, ingredient2)
Atom used(shot4, ingredient3);Atom used(shot4, ingredient2)
Atom contains(shot4, cocktail1);Atom contains(shot4, cocktail2)
Atom contains(shot1, cocktail2);Atom contains(shot1, ingredient2)
Atom used(shot1, ingredient1);Atom contains(shot1, cocktail4)
Atom contains(shot4, ingredient3);Atom contains(shot4, cocktail3)
Atom clean(shot2);Atom contains(shot2, ingredient2)
Atom unshaked(shaker1);Atom clean(shaker1)
Atom used(shot4, ingredient1);Atom clean(shot4)
Atom used(shot2, ingredient1);Atom contains(shot2, cocktail4)
Atom contains(shot3, ingredient3);Atom contains(shot3, cocktail3)
Atom contains(shaker1, cocktail4);Atom contains(shaker1, cocktail2)
Atom clean(shot4);Atom contains(shot4, ingredient3)
Atom contains(shot2, cocktail2);Atom contains(shot2, ingredient2)
Atom used(shot2, ingredient1);Atom contains(shot2, ingredient3)
Atom holding(left, shot4);Atom holding(left, shot2)
Atom contains(shot4, cocktail1);Atom used(shot4, ingredient1)
Atom used(shot2, ingredient1);Atom contains(shot2, cocktail3)
Atom holding(right, shot2);Atom holding(left, shot2)
Atom unshaked(shaker1);Atom empty(shaker1)
Atom handempty(right);Atom holding(right, shaker1)
Atom used(shot1, ingredient1);Atom contains(shot1, cocktail1)
Atom contains(shot2, cocktail4);Atom contains(shot2, ingredient3)
Atom clean(shot4);Atom contains(shot4, ingredient2)
Atom used(shot3, ingredient3);Atom contains(shot3, cocktail3)
Atom contains(shot4, cocktail1);Atom contains(shot4, ingredient3)
Atom contains(shaker1, cocktail4);Atom clean(shaker1)
Atom contains(shot3, ingredient1);Atom contains(shot3, ingredient2)
Atom contains(shaker1, ingredient2);Atom clean(shaker1)
Atom used(shot4, ingredient2);Atom contains(shot4, cocktail3)
Atom holding(right, shot1);Atom ontable(shot1)
Atom contains(shot4, ingredient3);Atom contains(shot4, cocktail2)
Atom holding(right, shot3);Atom holding(right, shot2)
Atom clean(shot4);Atom contains(shot4, cocktail2)
Atom contains(shot4, ingredient1);Atom contains(shot4, ingredient2)
Atom holding(right, shot4);Atom holding(right, shaker1)
Atom empty(shot2);Atom contains(shot2, ingredient2)
Atom clean(shot2);Atom contains(shot2, ingredient3)
Atom clean(shot2);Atom used(shot2, ingredient2)
Atom empty(shot1);Atom contains(shot1, cocktail4)
Atom empty(shaker1);Atom shaker-level(shaker1, l2)
Atom contains(shot2, cocktail2);Atom used(shot2, ingredient2)
Atom contains(shot4, ingredient1);Atom contains(shot4, ingredient3)
Atom contains(shot3, cocktail1);Atom contains(shot3, cocktail2)
Atom contains(shaker1, cocktail4);Atom empty(shaker1)
Atom contains(shot2, cocktail1);Atom contains(shot2, cocktail3)
Atom clean(shot2);Atom contains(shot2, cocktail4)
Atom contains(shot1, ingredient2);Atom contains(shot1, cocktail4)
Atom holding(left, shot4);Atom holding(left, shot1)
Atom contains(shot3, ingredient3);Atom contains(shot3, cocktail2)
Atom ontable(shot2);Atom holding(left, shot2)
Atom holding(left, shot1);Atom handempty(left)
Atom used(shot3, ingredient1);Atom contains(shot3, cocktail3)
Atom contains(shot3, ingredient2);Atom contains(shot3, cocktail4)
Atom holding(left, shot4);Atom holding(left, shot3)
Atom empty(shot4);Atom contains(shot4, ingredient1)
Atom contains(shaker1, cocktail3);Atom contains(shaker1, ingredient1)
Atom contains(shot3, cocktail1);Atom clean(shot3)
Atom clean(shot2);Atom contains(shot2, cocktail3)
Atom shaker-level(shaker1, l0);Atom shaker-level(shaker1, l1)
Atom contains(shot3, cocktail1);Atom contains(shot3, ingredient2)
Atom ontable(shot1);Atom holding(left, shot1)
Atom contains(shot3, ingredient1);Atom contains(shot3, cocktail3)
Atom contains(shot2, cocktail2);Atom contains(shot2, cocktail4)
Atom contains(shot4, ingredient1);Atom used(shot4, ingredient2)
Atom used(shot3, ingredient1);Atom clean(shot3)
Atom contains(shot3, ingredient1);Atom used(shot3, ingredient3)
Atom contains(shot3, ingredient2);Atom used(shot3, ingredient3)
Atom contains(shaker1, cocktail4);Atom unshaked(shaker1)
Atom contains(shot2, cocktail3);Atom contains(shot2, ingredient3)
Atom contains(shot2, ingredient3);Atom used(shot2, ingredient2)
Atom contains(shot1, ingredient1);Atom contains(shot1, cocktail4)
Atom contains(shot2, cocktail2);Atom contains(shot2, ingredient3)
Atom contains(shot3, ingredient1);Atom contains(shot3, ingredient3)
Atom used(shot2, ingredient1);Atom used(shot2, ingredient2)
Atom used(shot3, ingredient3);Atom contains(shot3, cocktail2)
Atom empty(shot2);Atom contains(shot2, cocktail4)
Atom contains(shot1, ingredient1);Atom contains(shot1, cocktail1)
Atom empty(shot4);Atom contains(shot4, cocktail4)
Atom contains(shaker1, cocktail4);Atom contains(shaker1, ingredient1)
Atom clean(shot1);Atom used(shot1, ingredient3)
Atom contains(shot2, ingredient3);Atom contains(shot2, ingredient2)
Atom empty(shot2);Atom contains(shot2, ingredient3)
Atom contains(shot2, cocktail1);Atom contains(shot2, cocktail4)
Atom ontable(shot4);Atom holding(right, shot4)
Atom contains(shot1, ingredient1);Atom contains(shot1, ingredient2)
Atom contains(shaker1, ingredient2);Atom shaker-level(shaker1, l0)
Atom empty(shot1);Atom contains(shot1, ingredient2)
Atom contains(shot3, ingredient2);Atom contains(shot3, ingredient3)
Atom contains(shot3, cocktail4);Atom clean(shot3)
Atom contains(shot2, cocktail3);Atom contains(shot2, ingredient2)
Atom contains(shot1, ingredient1);Atom contains(shot1, cocktail3)
Atom used(shot4, ingredient1);Atom contains(shot4, cocktail4)
Atom used(shot3, ingredient2);Atom contains(shot3, cocktail3)
Atom contains(shaker1, cocktail2);Atom contains(shaker1, cocktail1)
Atom contains(shot1, cocktail3);Atom contains(shot1, ingredient2)
Atom holding(left, shot4);Atom holding(left, shaker1)
Atom clean(shot1);Atom contains(shot1, ingredient2)
Atom contains(shot4, cocktail1);Atom clean(shot4)
Atom contains(shot1, cocktail3);Atom contains(shot1, cocktail2)
Atom contains(shaker1, ingredient3);Atom contains(shaker1, cocktail1)
Atom contains(shot3, cocktail1);Atom used(shot3, ingredient2)
Atom shaker-level(shaker1, l0);Atom unshaked(shaker1)
Atom used(shot4, ingredient1);Atom contains(shot4, ingredient3)
Atom empty(shot1);Atom contains(shot1, ingredient1)
Atom contains(shaker1, ingredient3);Atom contains(shaker1, cocktail2)
Atom contains(shot3, cocktail3);Atom contains(shot3, cocktail2)
Atom contains(shot1, cocktail2);Atom used(shot1, ingredient3)
Atom empty(shot2);Atom contains(shot2, cocktail3)
Atom contains(shot1, ingredient2);Atom contains(shot1, ingredient3)
Atom contains(shot4, cocktail1);Atom contains(shot4, cocktail3)
Atom holding(right, shot3);Atom ontable(shot3)
Atom clean(shaker1);Atom contains(shaker1, ingredient1)
Atom contains(shot1, ingredient1);Atom used(shot1, ingredient2)
Atom contains(shot3, ingredient2);Atom empty(shot3)
Atom unshaked(shaker1);Atom contains(shaker1, cocktail2)
Atom contains(shot3, ingredient1);Atom used(shot3, ingredient2)
Atom empty(shaker1);Atom shaker-level(shaker1, l1)
Atom contains(shot4, cocktail4);Atom contains(shot4, cocktail3)
Atom contains(shot2, ingredient1);Atom contains(shot2, cocktail4)
Atom holding(right, shot1);Atom holding(left, shot1)
Atom contains(shot3, ingredient3);Atom clean(shot3)
Atom clean(shot1);Atom contains(shot1, ingredient3)
Atom used(shot2, ingredient1);Atom contains(shot2, cocktail2)
Atom clean(shot4);Atom contains(shot4, cocktail3)
Atom contains(shot2, cocktail4);Atom contains(shot2, ingredient2)
Atom clean(shot1);Atom contains(shot1, ingredient1)
Atom used(shot2, ingredient1);Atom contains(shot2, ingredient2)
Atom empty(shot4);Atom contains(shot4, ingredient3)
Atom contains(shot2, cocktail2);Atom contains(shot2, cocktail3)
Atom holding(right, shot1);Atom holding(right, shaker1)
Atom shaker-level(shaker1, l0);Atom shaker-level(shaker1, l2)
Atom contains(shot3, ingredient1);Atom empty(shot3)
Atom holding(left, shaker1);Atom holding(right, shaker1)
Atom used(shot3, ingredient2);Atom contains(shot3, cocktail4)
Atom contains(shot4, ingredient2);Atom contains(shot4, cocktail2)
Atom contains(shot3, ingredient1);Atom clean(shot3)
Atom contains(shot1, cocktail3);Atom used(shot1, ingredient3)
Atom contains(shaker1, cocktail3);Atom contains(shaker1, cocktail1)
Atom empty(shot1);Atom contains(shot1, cocktail3)
Atom contains(shot1, cocktail1);Atom used(shot1, ingredient2)
Atom contains(shot1, cocktail1);Atom contains(shot1, ingredient3)
Atom contains(shot1, cocktail1);Atom contains(shot1, ingredient2)
Atom holding(right, shot2);Atom holding(right, shot4)
Atom used(shot1, ingredient1);Atom contains(shot1, cocktail3)
Atom contains(shot4, ingredient1);Atom contains(shot4, cocktail2)
Atom used(shot1, ingredient1);Atom contains(shot1, ingredient3)
Atom contains(shot4, ingredient1);Atom clean(shot4)
Atom used(shot2, ingredient1);Atom contains(shot2, cocktail1)
Atom used(shot4, ingredient2);Atom contains(shot4, cocktail2)
Atom contains(shaker1, cocktail2);Atom clean(shaker1)
Atom contains(shot4, ingredient1);Atom contains(shot4, cocktail3)
Atom contains(shot3, cocktail4);Atom contains(shot3, cocktail2)
Atom handempty(left);Atom holding(left, shot2)
Atom contains(shaker1, ingredient3);Atom shaked(shaker1)
Atom used(shot2, ingredient3);Atom used(shot2, ingredient2)
Atom contains(shot3, cocktail3);Atom clean(shot3)
Atom contains(shot2, cocktail2);Atom empty(shot2)
Atom contains(shot4, cocktail2);Atom contains(shot4, cocktail3)
Atom contains(shot4, cocktail4);Atom used(shot4, ingredient3)
Atom contains(shaker1, cocktail3);Atom unshaked(shaker1)
Atom clean(shaker1);Atom shaker-level(shaker1, l2)
Atom contains(shot3, cocktail2);Atom clean(shot3)
Atom contains(shot2, ingredient1);Atom contains(shot2, cocktail3)
