Atom capacity(truck-1, capacity-4);Atom at(truck-1, city-loc-4)
Atom at(truck-2, city-loc-3);Atom capacity(truck-2, capacity-3)
Atom at(package-4, city-loc-4);Atom capacity(truck-2, capacity-4)
Atom at(package-3, city-loc-5);Atom at(package-3, city-loc-2)
Atom in(package-1, truck-1);Atom at(package-1, city-loc-1)
Atom in(package-2, truck-1);Atom in(package-2, truck-2)
Atom at(package-1, city-loc-2);Atom capacity(truck-2, capacity-4)
Atom in(package-2, truck-2);Atom at(package-2, city-loc-5)
Atom at(truck-1, city-loc-2);Atom at(truck-1, city-loc-5)
Atom at(package-1, city-loc-3);Atom capacity(truck-1, capacity-4)
Atom at(package-3, city-loc-4);Atom at(package-3, city-loc-3)
Atom in(package-4, truck-2);Atom capacity(truck-2, capacity-3)
Atom at(truck-1, city-loc-2);Atom at(truck-1, city-loc-3)
Atom capacity(truck-2, capacity-3);Atom in(package-1, truck-2)
Atom at(package-4, city-loc-2);Atom at(package-4, city-loc-1)
Atom in(package-4, truck-1);Atom at(package-4, city-loc-4)
Atom at(package-4, city-loc-4);Atom at(package-4, city-loc-1)
Atom at(truck-1, city-loc-5);Atom at(truck-1, city-loc-3)
Atom in(package-1, truck-1);Atom capacity(truck-2, capacity-4)
Atom capacity(truck-1, capacity-4);Atom capacity(truck-2, capacity-2)
Atom capacity(truck-2, capacity-3);Atom at(package-4, city-loc-4)
Atom at(package-2, city-loc-2);Atom at(package-2, city-loc-1)
Atom capacity(truck-2, capacity-3);Atom capacity(truck-2, capacity-2)
Atom at(package-4, city-loc-1);Atom capacity(truck-2, capacity-4)
Atom at(package-3, city-loc-3);Atom in(package-3, truck-1)
Atom at(truck-1, city-loc-2);Atom capacity(truck-1, capacity-4)
Atom capacity(truck-1, capacity-4);Atom at(truck-2, city-loc-2)
Atom at(package-1, city-loc-1);Atom capacity(truck-2, capacity-4)
Atom in(package-3, truck-1);Atom capacity(truck-1, capacity-4)
Atom at(package-2, city-loc-2);Atom at(package-2, city-loc-4)
Atom at(package-2, city-loc-4);Atom at(package-2, city-loc-1)
Atom at(package-1, city-loc-3);Atom capacity(truck-2, capacity-3)
Atom at(package-2, city-loc-3);Atom at(package-2, city-loc-4)
Atom at(package-2, city-loc-5);Atom capacity(truck-2, capacity-4)
Atom capacity(truck-2, capacity-3);Atom at(package-2, city-loc-1)
Atom capacity(truck-1, capacity-4);Atom at(package-2, city-loc-4)
Atom at(package-2, city-loc-2);Atom in(package-2, truck-2)
Atom in(package-2, truck-2);Atom at(package-2, city-loc-4)
Atom at(package-1, city-loc-1);Atom at(package-1, city-loc-4)
Atom in(package-2, truck-1);Atom at(package-2, city-loc-4)
Atom in(package-3, truck-2);Atom at(package-3, city-loc-3)
Atom capacity(truck-1, capacity-4);Atom at(truck-2, city-loc-5)
Atom at(truck-1, city-loc-5);Atom at(truck-1, city-loc-1)
Atom capacity(truck-1, capacity-4);Atom at(package-4, city-loc-1)
Atom at(truck-1, city-loc-2);Atom capacity(truck-2, capacity-4)
Atom capacity(truck-1, capacity-4);Atom capacity(truck-1, capacity-0)
Atom in(package-2, truck-1);Atom at(package-2, city-loc-1)
Atom in(package-4, truck-1);Atom at(package-4, city-loc-3)
Atom capacity(truck-1, capacity-1);Atom capacity(truck-1, capacity-4)
Atom at(package-1, city-loc-4);Atom at(package-1, city-loc-5)
Atom in(package-2, truck-1);Atom capacity(truck-1, capacity-4)
Atom in(package-3, truck-2);Atom at(package-3, city-loc-5)
Atom at(truck-2, city-loc-1);Atom at(truck-2, city-loc-4)
Atom at(package-4, city-loc-4);Atom at(package-4, city-loc-3)
Atom in(package-1, truck-2);Atom capacity(truck-2, capacity-4)
Atom in(package-3, truck-2);Atom in(package-3, truck-1)
Atom in(package-1, truck-1);Atom capacity(truck-1, capacity-3)
Atom capacity(truck-2, capacity-3);Atom at(package-3, city-loc-2)
Atom capacity(truck-2, capacity-3);Atom at(package-1, city-loc-5)
Atom capacity(truck-2, capacity-0);Atom capacity(truck-2, capacity-1)
Atom at(package-3, city-loc-5);Atom capacity(truck-2, capacity-4)
Atom capacity(truck-2, capacity-3);Atom capacity(truck-1, capacity-2)
Atom in(package-3, truck-1);Atom at(package-3, city-loc-2)
Atom in(package-1, truck-1);Atom capacity(truck-2, capacity-3)
Atom capacity(truck-1, capacity-4);Atom at(package-3, city-loc-2)
Atom in(package-3, truck-2);Atom capacity(truck-2, capacity-2)
Atom at(package-1, city-loc-3);Atom at(package-1, city-loc-5)
Atom at(package-3, city-loc-1);Atom at(package-3, city-loc-5)
Atom at(package-1, city-loc-1);Atom at(package-1, city-loc-2)
Atom capacity(truck-2, capacity-3);Atom at(package-1, city-loc-1)
Atom at(truck-1, city-loc-4);Atom at(truck-1, city-loc-1)
Atom capacity(truck-2, capacity-3);Atom capacity(truck-2, capacity-0)
Atom in(package-3, truck-2);Atom at(package-3, city-loc-4)
Atom at(package-1, city-loc-1);Atom in(package-1, truck-2)
Atom capacity(truck-2, capacity-0);Atom capacity(truck-2, capacity-4)
Atom in(package-4, truck-2);Atom at(package-4, city-loc-2)
Atom at(truck-2, city-loc-1);Atom capacity(truck-2, capacity-4)
Atom capacity(truck-2, capacity-3);Atom capacity(truck-2, capacity-4)
Atom capacity(truck-1, capacity-1);Atom capacity(truck-1, capacity-3)
Atom in(package-4, truck-2);Atom in(package-4, truck-1)
Atom capacity(truck-1, capacity-4);Atom at(package-3, city-loc-5)
Atom at(package-2, city-loc-5);Atom capacity(truck-1, capacity-4)
Atom in(package-1, truck-1);Atom in(package-1, truck-2)
Atom at(package-4, city-loc-5);Atom capacity(truck-2, capacity-3)
Atom at(package-2, city-loc-4);Atom capacity(truck-2, capacity-4)
Atom capacity(truck-1, capacity-4);Atom at(package-1, city-loc-5)
Atom at(package-1, city-loc-2);Atom at(package-1, city-loc-5)
Atom capacity(truck-2, capacity-3);Atom at(package-3, city-loc-5)
Atom capacity(truck-1, capacity-2);Atom capacity(truck-2, capacity-4)
Atom at(package-3, city-loc-3);Atom capacity(truck-2, capacity-4)
Atom capacity(truck-1, capacity-4);Atom at(package-1, city-loc-2)
Atom at(package-3, city-loc-1);Atom in(package-3, truck-2)
Atom at(truck-1, city-loc-2);Atom capacity(truck-2, capacity-3)
Atom in(package-2, truck-2);Atom at(package-2, city-loc-1)
Atom at(truck-2, city-loc-2);Atom capacity(truck-2, capacity-4)
Atom capacity(truck-2, capacity-3);Atom at(truck-2, city-loc-2)
Atom at(truck-1, city-loc-2);Atom at(truck-1, city-loc-1)
Atom at(package-4, city-loc-5);Atom at(package-4, city-loc-1)
Atom at(package-4, city-loc-2);Atom capacity(truck-1, capacity-4)
Atom at(package-1, city-loc-3);Atom in(package-1, truck-2)
Atom capacity(truck-2, capacity-3);Atom capacity(truck-2, capacity-1)
Atom capacity(truck-1, capacity-4);Atom at(truck-1, city-loc-1)
Atom in(package-3, truck-1);Atom capacity(truck-1, capacity-3)
Atom at(package-4, city-loc-5);Atom capacity(truck-2, capacity-4)
Atom capacity(truck-2, capacity-4);Atom at(package-2, city-loc-1)
Atom capacity(truck-1, capacity-4);Atom at(package-2, city-loc-1)
Atom at(package-2, city-loc-5);Atom at(package-2, city-loc-3)
Atom capacity(truck-1, capacity-2);Atom capacity(truck-1, capacity-4)
Atom at(truck-1, city-loc-3);Atom at(truck-1, city-loc-4)
Atom at(package-2, city-loc-5);Atom at(package-2, city-loc-4)
Atom in(package-1, truck-2);Atom capacity(truck-2, capacity-2)
Atom capacity(truck-2, capacity-3);Atom in(package-2, truck-2)
Atom capacity(truck-2, capacity-3);Atom at(package-2, city-loc-3)
Atom at(package-2, city-loc-2);Atom capacity(truck-1, capacity-4)
Atom at(package-4, city-loc-5);Atom at(package-4, city-loc-2)
Atom in(package-2, truck-2);Atom capacity(truck-2, capacity-4)
Atom at(package-3, city-loc-4);Atom at(package-3, city-loc-5)
Atom in(package-4, truck-2);Atom at(package-4, city-loc-4)
Atom at(truck-1, city-loc-5);Atom capacity(truck-1, capacity-4)
Atom capacity(truck-1, capacity-4);Atom capacity(truck-2, capacity-1)
Atom in(package-4, truck-2);Atom at(package-4, city-loc-3)
Atom at(package-1, city-loc-1);Atom capacity(truck-1, capacity-4)
Atom in(package-2, truck-2);Atom at(package-2, city-loc-3)
Atom at(package-2, city-loc-2);Atom at(package-2, city-loc-3)
Atom capacity(truck-2, capacity-3);Atom at(truck-2, city-loc-1)
Atom capacity(truck-2, capacity-3);Atom capacity(truck-1, capacity-0)
Atom at(package-1, city-loc-4);Atom at(package-1, city-loc-2)
Atom at(package-3, city-loc-4);Atom capacity(truck-2, capacity-3)
Atom capacity(truck-2, capacity-4);Atom at(package-3, city-loc-2)
Atom in(package-4, truck-2);Atom at(package-4, city-loc-1)
Atom capacity(truck-2, capacity-3);Atom at(package-4, city-loc-1)
Atom capacity(truck-2, capacity-3);Atom at(package-3, city-loc-3)
Atom at(truck-2, city-loc-4);Atom capacity(truck-2, capacity-4)
Atom at(package-4, city-loc-2);Atom at(package-4, city-loc-4)
Atom at(package-3, city-loc-3);Atom at(package-3, city-loc-5)
Atom at(package-2, city-loc-5);Atom at(package-2, city-loc-1)
Atom at(truck-2, city-loc-4);Atom capacity(truck-1, capacity-4)
Atom in(package-1, truck-2);Atom at(package-1, city-loc-2)
Atom capacity(truck-2, capacity-2);Atom capacity(truck-2, capacity-1)
Atom in(package-1, truck-2);Atom at(package-1, city-loc-5)
Atom capacity(truck-2, capacity-3);Atom at(truck-2, city-loc-4)
Atom in(package-3, truck-2);Atom at(package-3, city-loc-2)
Atom at(truck-2, city-loc-3);Atom at(truck-2, city-loc-4)
Atom capacity(truck-2, capacity-3);Atom at(package-4, city-loc-2)
Atom capacity(truck-1, capacity-4);Atom at(package-4, city-loc-3)
Atom at(package-4, city-loc-2);Atom capacity(truck-2, capacity-4)
Atom capacity(truck-1, capacity-3);Atom capacity(truck-2, capacity-4)
Atom at(package-4, city-loc-5);Atom at(package-4, city-loc-4)
Atom capacity(truck-2, capacity-3);Atom in(package-2, truck-1)
Atom in(package-3, truck-2);Atom capacity(truck-2, capacity-3)
Atom capacity(truck-1, capacity-4);Atom capacity(truck-1, capacity-3)
Atom at(package-3, city-loc-4);Atom capacity(truck-2, capacity-4)
Atom at(truck-2, city-loc-1);Atom at(truck-2, city-loc-2)
Atom at(truck-2, city-loc-3);Atom capacity(truck-2, capacity-4)
Atom capacity(truck-2, capacity-4);Atom capacity(truck-2, capacity-1)
Atom at(truck-1, city-loc-4);Atom capacity(truck-2, capacity-4)
Atom capacity(truck-2, capacity-3);Atom at(package-2, city-loc-4)
Atom at(truck-1, city-loc-3);Atom at(truck-1, city-loc-1)
Atom at(package-3, city-loc-1);Atom at(package-3, city-loc-3)
Atom at(package-4, city-loc-5);Atom in(package-4, truck-1)
Atom at(package-2, city-loc-2);Atom capacity(truck-2, capacity-4)
Atom at(package-2, city-loc-3);Atom capacity(truck-2, capacity-4)
Atom in(package-4, truck-1);Atom capacity(truck-2, capacity-4)
Atom in(package-4, truck-1);Atom capacity(truck-1, capacity-4)
Atom capacity(truck-2, capacity-3);Atom in(package-4, truck-1)
Atom at(truck-1, city-loc-3);Atom capacity(truck-2, capacity-4)
Atom capacity(truck-1, capacity-4);Atom capacity(truck-2, capacity-4)
Atom capacity(truck-2, capacity-3);Atom in(package-3, truck-1)
Atom at(package-1, city-loc-3);Atom at(package-1, city-loc-4)
Atom capacity(truck-2, capacity-3);Atom capacity(truck-1, capacity-4)
Atom in(package-3, truck-1);Atom capacity(truck-2, capacity-4)
Atom in(package-1, truck-1);Atom at(package-1, city-loc-2)
Atom at(package-1, city-loc-4);Atom in(package-1, truck-2)
Atom capacity(truck-2, capacity-3);Atom capacity(truck-1, capacity-3)
Atom capacity(truck-2, capacity-0);Atom capacity(truck-1, capacity-4)
Atom at(truck-2, city-loc-3);Atom capacity(truck-1, capacity-4)
Atom at(package-2, city-loc-3);Atom at(package-2, city-loc-1)
Atom capacity(truck-1, capacity-4);Atom at(package-4, city-loc-4)
Atom at(package-3, city-loc-3);Atom at(package-3, city-loc-2)
Atom in(package-3, truck-1);Atom at(package-3, city-loc-5)
Atom at(package-1, city-loc-3);Atom at(package-1, city-loc-1)
Atom in(package-3, truck-2);Atom capacity(truck-2, capacity-4)
Atom capacity(truck-2, capacity-3);Atom at(package-1, city-loc-4)
Atom at(truck-2, city-loc-4);Atom at(truck-2, city-loc-5)
Atom capacity(truck-1, capacity-2);Atom capacity(truck-1, capacity-0)
Atom in(package-2, truck-1);Atom capacity(truck-1, capacity-3)
Atom capacity(truck-2, capacity-3);Atom at(package-4, city-loc-3)
Atom capacity(truck-2, capacity-3);Atom at(truck-1, city-loc-5)
Atom in(package-1, truck-1);Atom capacity(truck-1, capacity-4)
Atom at(package-1, city-loc-3);Atom at(package-1, city-loc-2)
Atom at(truck-1, city-loc-5);Atom at(truck-1, city-loc-4)
Atom at(package-3, city-loc-1);Atom at(package-3, city-loc-2)
Atom in(package-4, truck-2);Atom at(package-4, city-loc-5)
Atom at(package-4, city-loc-1);Atom at(package-4, city-loc-3)
Atom at(package-3, city-loc-1);Atom in(package-3, truck-1)
Atom in(package-1, truck-1);Atom at(package-1, city-loc-5)
Atom at(package-1, city-loc-3);Atom in(package-1, truck-1)
Atom capacity(truck-2, capacity-0);Atom capacity(truck-1, capacity-0)
Atom at(package-4, city-loc-5);Atom capacity(truck-1, capacity-4)
Atom capacity(truck-2, capacity-4);Atom capacity(truck-1, capacity-0)
Atom capacity(truck-2, capacity-3);Atom at(truck-1, city-loc-1)
Atom at(package-3, city-loc-1);Atom at(package-3, city-loc-4)
Atom capacity(truck-1, capacity-3);Atom capacity(truck-1, capacity-0)
Atom at(package-3, city-loc-4);Atom capacity(truck-1, capacity-4)
Atom at(package-1, city-loc-1);Atom at(package-1, city-loc-5)
Atom in(package-1, truck-1);Atom at(package-1, city-loc-4)
Atom at(package-4, city-loc-2);Atom in(package-4, truck-1)
Atom in(package-3, truck-2);Atom capacity(truck-1, capacity-4)
Atom at(truck-2, city-loc-5);Atom capacity(truck-2, capacity-4)
Atom at(truck-2, city-loc-3);Atom at(truck-2, city-loc-1)
Atom capacity(truck-2, capacity-2);Atom capacity(truck-2, capacity-4)
Atom at(package-2, city-loc-2);Atom capacity(truck-2, capacity-3)
Atom capacity(truck-2, capacity-4);Atom at(package-4, city-loc-3)
Atom at(truck-2, city-loc-4);Atom at(truck-2, city-loc-2)
Atom at(truck-2, city-loc-1);Atom at(truck-2, city-loc-5)
Atom capacity(truck-1, capacity-4);Atom at(truck-1, city-loc-3)
Atom in(package-4, truck-1);Atom at(package-4, city-loc-1)
Atom at(package-4, city-loc-5);Atom at(package-4, city-loc-3)
Atom capacity(truck-2, capacity-3);Atom at(package-1, city-loc-2)
Atom capacity(truck-1, capacity-2);Atom capacity(truck-1, capacity-3)
Atom in(package-4, truck-1);Atom capacity(truck-1, capacity-3)
Atom in(package-2, truck-2);Atom capacity(truck-2, capacity-2)
Atom capacity(truck-1, capacity-1);Atom capacity(truck-1, capacity-0)
Atom in(package-1, truck-2);Atom capacity(truck-1, capacity-4)
Atom in(package-4, truck-2);Atom capacity(truck-2, capacity-4)
Atom in(package-2, truck-1);Atom capacity(truck-2, capacity-4)
Atom at(package-4, city-loc-2);Atom at(package-4, city-loc-3)
Atom at(truck-1, city-loc-2);Atom at(truck-1, city-loc-4)
Atom capacity(truck-2, capacity-4);Atom at(truck-1, city-loc-1)
Atom at(truck-2, city-loc-3);Atom at(truck-2, city-loc-5)
Atom capacity(truck-2, capacity-0);Atom capacity(truck-2, capacity-2)
Atom capacity(truck-1, capacity-1);Atom capacity(truck-2, capacity-4)
Atom in(package-4, truck-2);Atom capacity(truck-2, capacity-2)
Atom at(truck-2, city-loc-1);Atom capacity(truck-1, capacity-4)
Atom at(package-1, city-loc-4);Atom capacity(truck-2, capacity-4)
Atom capacity(truck-2, capacity-3);Atom at(truck-1, city-loc-4)
Atom at(package-1, city-loc-4);Atom capacity(truck-1, capacity-4)
Atom capacity(truck-2, capacity-3);Atom at(truck-2, city-loc-5)
Atom at(package-3, city-loc-1);Atom capacity(truck-2, capacity-3)
Atom at(package-3, city-loc-1);Atom capacity(truck-2, capacity-4)
Atom at(truck-2, city-loc-2);Atom at(truck-2, city-loc-5)
Atom capacity(truck-2, capacity-3);Atom at(truck-1, city-loc-3)
Atom in(package-2, truck-1);Atom at(package-2, city-loc-3)
Atom in(package-2, truck-2);Atom capacity(truck-1, capacity-4)
Atom at(package-3, city-loc-4);Atom at(package-3, city-loc-2)
Atom at(truck-1, city-loc-5);Atom capacity(truck-2, capacity-4)
Atom in(package-2, truck-1);Atom at(package-2, city-loc-5)
Atom at(package-2, city-loc-2);Atom in(package-2, truck-1)
Atom in(package-4, truck-2);Atom capacity(truck-1, capacity-4)
Atom capacity(truck-2, capacity-3);Atom at(package-2, city-loc-5)
Atom at(package-3, city-loc-3);Atom capacity(truck-1, capacity-4)
Atom capacity(truck-1, capacity-4);Atom at(package-2, city-loc-3)
Atom at(package-2, city-loc-2);Atom at(package-2, city-loc-5)
Atom at(package-1, city-loc-3);Atom capacity(truck-2, capacity-4)
Atom capacity(truck-2, capacity-3);Atom capacity(truck-1, capacity-1)
Atom at(truck-2, city-loc-3);Atom at(truck-2, city-loc-2)
Atom at(package-1, city-loc-5);Atom capacity(truck-2, capacity-4)
Atom at(package-3, city-loc-4);Atom in(package-3, truck-1)
Atom at(package-3, city-loc-1);Atom capacity(truck-1, capacity-4)
Atom capacity(truck-1, capacity-2);Atom capacity(truck-1, capacity-1)
Atom capacity(truck-2, capacity-4)
Atom capacity(truck-2, capacity-3)
Atom capacity(truck-1, capacity-4)
